[Licensing::Module] Trying to connect to existing licensing client channel...
Built from '6000.2/staging' branch; Version is '6000.2.4f1 (17550c9bb584) revision 1529100'; Using compiler version '194234433'; Build Type 'Release'
[Licensing::IpcConnector] Successfully connected to: "LicenseClient-smitb" at "2025-10-07T13:25:06.9298427Z"
OS: 'Windows 11  (10.0.26100) 64bit CoreSingleLanguage' Language: 'en' Physical Memory: 32475 MB
BatchMode: 1, IsHumanControllingUs: 0, StartBugReporterOnCrash: 0, Is64bit: 1
Date: 2025-10-07T13:25:06Z

COMMAND LINE ARGUMENTS:
C:\Program Files\Unity\Hub\Editor\6000.2.4f1\Editor\Unity.exe
-adb2
-batchMode
-noUpm
-name
AssetImportWorker7
-projectPath
C:/Users/smitb/OneDrive/Documents/UFS Honours/Project/lang/Language1_34
-logFile
Logs/AssetImportWorker7.log
-srvPort
52476
-licensingIpc
LicenseClient-smitb
-job-worker-count
9
-background-job-worker-count
8
-gc-helper-count
1
-name
AssetImport
Successfully changed project path to: C:/Users/smitb/OneDrive/Documents/UFS Honours/Project/lang/Language1_34
C:/Users/smitb/OneDrive/Documents/UFS Honours/Project/lang/Language1_34
[UnityMemory] Configuration Parameters - Can be set up in boot.config
    "memorysetup-allocator-temp-initial-block-size-main=262144"
    "memorysetup-allocator-temp-initial-block-size-worker=262144"
    "memorysetup-bucket-allocator-granularity=16"
    "memorysetup-bucket-allocator-bucket-count=8"
    "memorysetup-bucket-allocator-block-size=33554432"
    "memorysetup-bucket-allocator-block-count=8"
    "memorysetup-main-allocator-block-size=16777216"
    "memorysetup-thread-allocator-block-size=16777216"
    "memorysetup-gfx-main-allocator-block-size=16777216"
    "memorysetup-gfx-thread-allocator-block-size=16777216"
    "memorysetup-cache-allocator-block-size=4194304"
    "memorysetup-typetree-allocator-block-size=2097152"
    "memorysetup-profiler-bucket-allocator-granularity=16"
    "memorysetup-profiler-bucket-allocator-bucket-count=8"
    "memorysetup-profiler-bucket-allocator-block-size=33554432"
    "memorysetup-profiler-bucket-allocator-block-count=8"
    "memorysetup-profiler-allocator-block-size=16777216"
    "memorysetup-profiler-editor-allocator-block-size=1048576"
    "memorysetup-temp-allocator-size-main=16777216"
    "memorysetup-job-temp-allocator-block-size=2097152"
    "memorysetup-job-temp-allocator-block-size-background=1048576"
    "memorysetup-job-temp-allocator-reduction-small-platforms=262144"
    "memorysetup-temp-allocator-size-background-worker=32768"
    "memorysetup-temp-allocator-size-job-worker=262144"
    "memorysetup-temp-allocator-size-preload-manager=33554432"
    "memorysetup-temp-allocator-size-nav-mesh-worker=65536"
    "memorysetup-temp-allocator-size-audio-worker=65536"
    "memorysetup-temp-allocator-size-cloud-worker=32768"
    "memorysetup-temp-allocator-size-gi-baking-worker=262144"
    "memorysetup-temp-allocator-size-gi-baking-worker=262144"
    "memorysetup-temp-allocator-size-gi-baking-worker=262144"
    "memorysetup-temp-allocator-size-gi-baking-worker=262144"
    "memorysetup-temp-allocator-size-gi-baking-worker=262144"
    "memorysetup-temp-allocator-size-gfx=262144"
Player connection [54652]  Target information:

Player connection [54652]  * "[IP] 196.255.111.200 [Port] 0 [Flags] 2 [Guid] 1778386505 [EditorId] 1778386505 [Version] 1048832 [Id] WindowsEditor(7,Barend) [Debug] 1 [PackageName] WindowsEditor [ProjectName] Editor" 

Player connection [54652] Host joined multi-casting on [225.0.0.222:54997]...
Player connection [54652] Host joined alternative multi-casting on [225.0.0.222:34997]...
JobSystem: Creating JobQueue using job-worker-count value 9
Input System module state changed to: Initialized.
[Physics::Module] Initialized fallback backend.
[Physics::Module] Id: 0xdecafbad
[Licensing::Client] Code 10 while verifying Licensing Client signature (process Id: 19096, path: "C:/Program Files/Unity Hub/UnityLicensingClient_V1/Unity.Licensing.Client.exe")
[Licensing::Module] LicensingClient has failed validation; ignoring
[Licensing::Client] Error: HandshakeResponse reported an error:
	ResponseCode: 505
	ResponseStatus: Unsupported protocol version '1.17.2'.
[Licensing::Module] Error: Failed to handshake to channel: "LicenseClient-smitb"
[Licensing::IpcConnector] LicenseClient-smitb channel disconnected successfully.
[Licensing::IpcConnector] Successfully connected to: "LicenseClient-smitb-6000.2.4" at "2025-10-07T13:25:06.9626727Z"
[Licensing::Client] Code 10 while verifying Licensing Client signature (process Id: 38220, path: "C:/Program Files/Unity/Hub/Editor/6000.2.4f1/Editor/Data/Resources/Licensing/Client/Unity.Licensing.Client.exe")
[Licensing::Module] LicensingClient has failed validation; ignoring
[Licensing::Client] Handshaking with LicensingClient:
  Version:                 1.17.2+ff71f16
  Session Id:              74fefa8fd3184e38ba18cc802dd9c42c
  Correlation Id:          e7a3017d89de81b001fbeb7c7927a414
  External correlation Id: 43362774331981745
  Machine Id:              zOvDIo0Kh79ab4wpLlyNYCbScTE=
[Licensing::Module] Successfully connected to LicensingClient on channel: "LicenseClient-smitb-6000.2.4" (connect: 0.00s, validation: 0.00s, handshake: 0.01s)
[Licensing::IpcConnector] Successfully connected to: "LicenseClient-smitb-6000.2.4-notifications" at "2025-10-07T13:25:06.9731676Z"
[Licensing::Module] Licensing Background thread has ended after 0.04s
Library Redirect Path: Library/
[Physics::Module] Selected backend.
[Physics::Module] Name: PhysX
[Physics::Module] Id: 0xf2b8ea05
[Physics::Module] SDK Version: 4.1.2
[Physics::Module] Integration Version: 1.0.0
[Physics::Module] Threading Mode: Multi-Threaded
Refreshing native plugins compatible for Editor in 3.32 ms, found 4 plugins.
Preloading 0 native plugins for Editor in 0.00 ms.
Initialize engine version: 6000.2.4f1 (17550c9bb584)
[Subsystems] Discovering subsystems at path C:/Program Files/Unity/Hub/Editor/6000.2.4f1/Editor/Data/Resources/UnitySubsystems
[Subsystems] Discovering subsystems at path C:/Users/smitb/OneDrive/Documents/UFS Honours/Project/lang/Language1_34/Assets
GfxDevice: creating device client; kGfxThreadingModeNonThreaded
d3d12: failed to query info queue interface (0x80004002).
Direct3D:
    Version:         Direct3D 12 [level 12.1]
    Renderer:        NVIDIA GeForce RTX 4060 Laptop GPU (ID=0x28e0)
    Vendor:          NVIDIA
    VRAM:            7957 MB
    App VRAM Budget: 7189 MB
    Driver:          32.0.15.7262
Initialize mono
Mono path[0] = 'C:/Program Files/Unity/Hub/Editor/6000.2.4f1/Editor/Data/Managed'
Mono path[1] = 'C:/Program Files/Unity/Hub/Editor/6000.2.4f1/Editor/Data/MonoBleedingEdge/lib/mono/unityjit-win32'
Mono config path = 'C:/Program Files/Unity/Hub/Editor/6000.2.4f1/Editor/Data/MonoBleedingEdge/etc'
Using monoOptions --debugger-agent=transport=dt_socket,embedding=1,server=y,suspend=n,address=127.0.0.1:56672
Begin MonoManager ReloadAssembly
Registering precompiled unity dll's ...
Register platform support module: C:/Program Files/Unity/Hub/Editor/6000.2.4f1/Editor/Data/PlaybackEngines/WindowsStandaloneSupport/UnityEditor.WindowsStandalone.Extensions.dll
Registered in 0.001363 seconds.
- Loaded All Assemblies, in  0.304 seconds
Native extension for WindowsStandalone target not found
Mono: successfully reloaded assembly
- Finished resetting the current domain, in  0.255 seconds
Domain Reload Profiling: 557ms
	BeginReloadAssembly (97ms)
		ExecutionOrderSort (0ms)
		DisableScriptedObjects (0ms)
		BackupInstance (0ms)
		ReleaseScriptingObjects (0ms)
		CreateAndSetChildDomain (1ms)
	RebuildCommonClasses (28ms)
	RebuildNativeTypeToScriptingClass (9ms)
	initialDomainReloadingComplete (37ms)
	LoadAllAssembliesAndSetupDomain (130ms)
		LoadAssemblies (95ms)
		RebuildTransferFunctionScriptingTraits (0ms)
		AnalyzeDomain (128ms)
			TypeCache.Refresh (126ms)
				TypeCache.ScanAssembly (115ms)
			BuildScriptInfoCaches (0ms)
			ResolveRequiredComponents (0ms)
	FinalizeReload (256ms)
		ReleaseScriptCaches (0ms)
		RebuildScriptCaches (0ms)
		SetupLoadedEditorAssemblies (222ms)
			LogAssemblyErrors (0ms)
			InitializePlatformSupportModulesInManaged (36ms)
			SetLoadedEditorAssemblies (3ms)
			BeforeProcessingInitializeOnLoad (51ms)
			ProcessInitializeOnLoadAttributes (95ms)
			ProcessInitializeOnLoadMethodAttributes (37ms)
			AfterProcessingInitializeOnLoad (0ms)
			EditorAssembliesLoaded (0ms)
		ExecutionOrderSort2 (0ms)
		AwakeInstancesAfterBackupRestoration (0ms)
Assembly reference Packages/com.unity.cinemachine/Editor/Samples/ExposeHDRPInternals/HDRP-Editor-ref.asmref has no target assembly definition
========================================================================
Worker process is ready to serve import requests
Import Worker Mode flag is 0x00
Assembly reference Packages/com.unity.cinemachine/Editor/Samples/ExposeHDRPInternals/HDRP-Editor-ref.asmref has no target assembly definition
Assembly reference Packages/com.unity.cinemachine/Editor/Samples/ExposeHDRPInternals/HDRP-Editor-ref.asmref has no target assembly definition
Begin MonoManager ReloadAssembly
[Licensing::Client] Successfully resolved entitlement details
[Licensing::Module] License group:
  Id: 11270457271008-UnityPersXXXX
  Product: Unity Personal
  Type: Assigned
  Expiration: Unlimited
- Loaded All Assemblies, in  0.616 seconds
Assembly reference Packages/com.unity.cinemachine/Editor/Samples/ExposeHDRPInternals/HDRP-Editor-ref.asmref has no target assembly definition
'Packages/com.unity.cinemachine/Editor/Obsolete/CinemachineVirtualCameraBaseEditor.cs' contains partial class of Unity.Object, exactly 1 of the partial classes needs to be in a file with the same filename. This is to know the one that can be referenced from ie. GameObjects
'Packages/com.unity.cinemachine/Editor/Editors/CinemachineVirtualCameraBaseEditor.cs' contains partial class of Unity.Object, exactly 1 of the partial classes needs to be in a file with the same filename. This is to know the one that can be referenced from ie. GameObjects
Refreshing native plugins compatible for Editor in 1.73 ms, found 4 plugins.
Native extension for WindowsStandalone target not found
Assembly reference Packages/com.unity.cinemachine/Editor/Samples/ExposeHDRPInternals/HDRP-Editor-ref.asmref has no target assembly definition
Package Manager log level set to [2]
[Package Manager] Failed to launch server process. Reason: Unity was launched with the -noUpm command-line argument
[Package Manager] Unable to send message (not connected to server process).
[Package Manager] Cannot connect to Unity Package Manager local server
[Package Manager] Failed to launch server process. Reason: Unity was launched with the -noUpm command-line argument
[Package Manager] Unable to send message (not connected to server process).
[Package Manager] Cannot connect to Unity Package Manager local server
Mono: successfully reloaded assembly
- Finished resetting the current domain, in  0.502 seconds
Domain Reload Profiling: 1114ms
	BeginReloadAssembly (136ms)
		ExecutionOrderSort (0ms)
		DisableScriptedObjects (4ms)
		BackupInstance (0ms)
		ReleaseScriptingObjects (0ms)
		CreateAndSetChildDomain (20ms)
	RebuildCommonClasses (27ms)
	RebuildNativeTypeToScriptingClass (9ms)
	initialDomainReloadingComplete (44ms)
	LoadAllAssembliesAndSetupDomain (397ms)
		LoadAssemblies (286ms)
		RebuildTransferFunctionScriptingTraits (0ms)
		AnalyzeDomain (186ms)
			TypeCache.Refresh (138ms)
				TypeCache.ScanAssembly (126ms)
			BuildScriptInfoCaches (40ms)
			ResolveRequiredComponents (6ms)
	FinalizeReload (502ms)
		ReleaseScriptCaches (0ms)
		RebuildScriptCaches (0ms)
		SetupLoadedEditorAssemblies (417ms)
			LogAssemblyErrors (0ms)
			InitializePlatformSupportModulesInManaged (1ms)
			SetLoadedEditorAssemblies (5ms)
			BeforeProcessingInitializeOnLoad (97ms)
			ProcessInitializeOnLoadAttributes (277ms)
			ProcessInitializeOnLoadMethodAttributes (33ms)
			AfterProcessingInitializeOnLoad (4ms)
			EditorAssembliesLoaded (0ms)
		ExecutionOrderSort2 (0ms)
		AwakeInstancesAfterBackupRestoration (4ms)
Launched and connected shader compiler UnityShaderCompiler.exe after 0.01 seconds
Refreshing native plugins compatible for Editor in 1.78 ms, found 4 plugins.
Preloading 0 native plugins for Editor in 0.00 ms.
Unloading 1 Unused Serialized files (Serialized files now loaded: 0)
Unloading 5306 unused Assets / (1.4 MB). Loaded Objects now: 5812.
Memory consumption went from 97.4 MB to 95.9 MB.
Total: 5.772000 ms (FindLiveObjects: 0.459000 ms CreateObjectMapping: 0.367900 ms MarkObjects: 4.021800 ms  DeleteObjects: 0.921700 ms)

========================================================================
Received Import Request.
  Time since last request: 5908370.573348 seconds.
  path: Assets/TileSets/Buildings/Bridge_Wood_19.asset
  artifactKey: Guid(61192198a2e775f478a05ab160d5bd6c) Importer(815301076,1909f56bfc062723c751e8b465ee728b)
Start importing Assets/TileSets/Buildings/Bridge_Wood_19.asset using Guid(61192198a2e775f478a05ab160d5bd6c) Importer(815301076,1909f56bfc062723c751e8b465ee728b) (PreviewImporter) -> (artifact id: 'bf2993fff9fd594e9fb6468663fd8f4d') in 0.4026498 seconds
Number of updated asset objects reloaded before import = 0Number of asset objects unloaded after import = 3

========================================================================
Received Import Request.
  Time since last request: 0.007007 seconds.
  path: Assets/TileSets/Buildings/Bridge_Wood_27.asset
  artifactKey: Guid(435359a4f9eb5a842abeae0319178467) Importer(815301076,1909f56bfc062723c751e8b465ee728b)
Start importing Assets/TileSets/Buildings/Bridge_Wood_27.asset using Guid(435359a4f9eb5a842abeae0319178467) Importer(815301076,1909f56bfc062723c751e8b465ee728b) (PreviewImporter) -> (artifact id: '71988aa34ed073d4d829d1c5954320af') in 0.0427988 seconds
Number of updated asset objects reloaded before import = 0Number of asset objects unloaded after import = 3

========================================================================
Received Import Request.
  Time since last request: 0.000019 seconds.
  path: Assets/TileSets/Buildings/Fences_3.asset
  artifactKey: Guid(b724c89b877e92f409c5d5fd431e795c) Importer(815301076,1909f56bfc062723c751e8b465ee728b)
Start importing Assets/TileSets/Buildings/Fences_3.asset using Guid(b724c89b877e92f409c5d5fd431e795c) Importer(815301076,1909f56bfc062723c751e8b465ee728b) (PreviewImporter) -> (artifact id: '46c8c91c5382ee3f7c975b1b5d9dc001') in 0.0301248 seconds
Number of updated asset objects reloaded before import = 0Number of asset objects unloaded after import = 3

========================================================================
Received Import Request.
  Time since last request: 0.000017 seconds.
  path: Assets/TileSets/Buildings/Bridge_Wood_29.asset
  artifactKey: Guid(9efad8500f11588419af4ae9be34f9ab) Importer(815301076,1909f56bfc062723c751e8b465ee728b)
Start importing Assets/TileSets/Buildings/Bridge_Wood_29.asset using Guid(9efad8500f11588419af4ae9be34f9ab) Importer(815301076,1909f56bfc062723c751e8b465ee728b) (PreviewImporter) -> (artifact id: 'd7266cac2bc575f8255e175cb4306e19') in 0.053984 seconds
Number of updated asset objects reloaded before import = 0Number of asset objects unloaded after import = 3

========================================================================
Received Import Request.
  Time since last request: 0.718325 seconds.
  path: Assets/TileSets/Buildings/Fences_5.asset
  artifactKey: Guid(578c124e94679194e8b4b4a6d0377864) Importer(815301076,1909f56bfc062723c751e8b465ee728b)
Start importing Assets/TileSets/Buildings/Fences_5.asset using Guid(578c124e94679194e8b4b4a6d0377864) Importer(815301076,1909f56bfc062723c751e8b465ee728b) (PreviewImporter) -> (artifact id: 'd455cadf1a2d9ec231be723e36e71914') in 0.1216809 seconds
Number of updated asset objects reloaded before import = 0Number of asset objects unloaded after import = 3

========================================================================
Received Import Request.
  Time since last request: 0.000145 seconds.
  path: Assets/TileSets/Buildings/Fences_6.asset
  artifactKey: Guid(5029da79c7fa496488294a9c76740f2a) Importer(815301076,1909f56bfc062723c751e8b465ee728b)
Start importing Assets/TileSets/Buildings/Fences_6.asset using Guid(5029da79c7fa496488294a9c76740f2a) Importer(815301076,1909f56bfc062723c751e8b465ee728b) (PreviewImporter) -> (artifact id: '00d465575abb1a8c795a838b34ff2794') in 0.0781783 seconds
Number of updated asset objects reloaded before import = 0Number of asset objects unloaded after import = 3

========================================================================
Received Import Request.
  Time since last request: 0.000216 seconds.
  path: Assets/TileSets/Buildings/Fences_11.asset
  artifactKey: Guid(314eb99caf732fa47bb713097fdcace8) Importer(815301076,1909f56bfc062723c751e8b465ee728b)
Start importing Assets/TileSets/Buildings/Fences_11.asset using Guid(314eb99caf732fa47bb713097fdcace8) Importer(815301076,1909f56bfc062723c751e8b465ee728b) (PreviewImporter) -> (artifact id: 'a86c4861bce6b13cd25d4e1f9b031710') in 0.1144809 seconds
Number of updated asset objects reloaded before import = 0Number of asset objects unloaded after import = 3

========================================================================
Received Import Request.
  Time since last request: 0.233920 seconds.
  path: Assets/TileSets/Buildings/House_0.asset
  artifactKey: Guid(0f308fd4f0a354f458a3bf7ed72cd4f1) Importer(815301076,1909f56bfc062723c751e8b465ee728b)
Start importing Assets/TileSets/Buildings/House_0.asset using Guid(0f308fd4f0a354f458a3bf7ed72cd4f1) Importer(815301076,1909f56bfc062723c751e8b465ee728b) (PreviewImporter) -> (artifact id: '4ca4fa294f78877ddde04b5ad595d419') in 0.0852594 seconds
Number of updated asset objects reloaded before import = 0Number of asset objects unloaded after import = 3

========================================================================
Received Import Request.
  Time since last request: 0.000018 seconds.
  path: Assets/TileSets/Buildings/House_1.asset
  artifactKey: Guid(915666ba47970fd48983045b293813a1) Importer(815301076,1909f56bfc062723c751e8b465ee728b)
Start importing Assets/TileSets/Buildings/House_1.asset using Guid(915666ba47970fd48983045b293813a1) Importer(815301076,1909f56bfc062723c751e8b465ee728b) (PreviewImporter) -> (artifact id: '0c057891e1476597b11933731be8dc44') in 0.0756664 seconds
Number of updated asset objects reloaded before import = 0Number of asset objects unloaded after import = 3

========================================================================
Received Import Request.
  Time since last request: 7.130521 seconds.
  path: Assets/TileSets/Buildings/House_8.asset
  artifactKey: Guid(bd72ad20d325d884885fa62c46742ad4) Importer(815301076,1909f56bfc062723c751e8b465ee728b)
Start importing Assets/TileSets/Buildings/House_8.asset using Guid(bd72ad20d325d884885fa62c46742ad4) Importer(815301076,1909f56bfc062723c751e8b465ee728b) (PreviewImporter) -> (artifact id: '0623241b847cd5dd22dc3b54f7e2abe5') in 0.0663189 seconds
Number of updated asset objects reloaded before import = 0Number of asset objects unloaded after import = 3

========================================================================
Received Import Request.
  Time since last request: 0.403253 seconds.
  path: Assets/TileSets/Buildings/House_14.asset
  artifactKey: Guid(cf2c9faff2b07d64b853d273f21ec791) Importer(815301076,1909f56bfc062723c751e8b465ee728b)
Start importing Assets/TileSets/Buildings/House_14.asset using Guid(cf2c9faff2b07d64b853d273f21ec791) Importer(815301076,1909f56bfc062723c751e8b465ee728b) (PreviewImporter) -> (artifact id: 'a8603266819def7519e7017afaa308bc') in 0.091559 seconds
Number of updated asset objects reloaded before import = 0Number of asset objects unloaded after import = 3

========================================================================
Received Import Request.
  Time since last request: 0.000028 seconds.
  path: Assets/TileSets/Buildings/House_17.asset
  artifactKey: Guid(3d2b7bf3718d4e8469e530c441b678c2) Importer(815301076,1909f56bfc062723c751e8b465ee728b)
Start importing Assets/TileSets/Buildings/House_17.asset using Guid(3d2b7bf3718d4e8469e530c441b678c2) Importer(815301076,1909f56bfc062723c751e8b465ee728b) (PreviewImporter) -> (artifact id: 'e1016ddfb280c599f33ce15946c52f78') in 0.101907 seconds
Number of updated asset objects reloaded before import = 0Number of asset objects unloaded after import = 3

========================================================================
Received Import Request.
  Time since last request: 110.702056 seconds.
  path: Assets/TileSets/Treasure/Coin2.png
  artifactKey: Guid(2d5905a5dd0b28e41889c1877e4751f3) Importer(815301076,1909f56bfc062723c751e8b465ee728b)
Start importing Assets/TileSets/Treasure/Coin2.png using Guid(2d5905a5dd0b28e41889c1877e4751f3) Importer(815301076,1909f56bfc062723c751e8b465ee728b) (PreviewImporter) -> (artifact id: '30dc34abc0e7e1fb5f0ca9fe696757c4') in 0.3145137 seconds
Number of updated asset objects reloaded before import = 0Number of asset objects unloaded after import = 5

========================================================================
Received Import Request.
  Time since last request: 0.000180 seconds.
  path: Assets/TileSets/Treasure/SilverCup.png
  artifactKey: Guid(27af822b948879d4fa7388dadcb5d842) Importer(815301076,1909f56bfc062723c751e8b465ee728b)
Start importing Assets/TileSets/Treasure/SilverCup.png using Guid(27af822b948879d4fa7388dadcb5d842) Importer(815301076,1909f56bfc062723c751e8b465ee728b) (PreviewImporter) -> (artifact id: '06ed3d863043b8865e045afc8c92c971') in 0.2070825 seconds
Number of updated asset objects reloaded before import = 0Number of asset objects unloaded after import = 3

========================================================================
Received Import Request.
  Time since last request: 0.000022 seconds.
  path: Assets/TileSets/Treasure/GoldCup.png
  artifactKey: Guid(ffd4688eefb12ca48b75d44c25c5b389) Importer(815301076,1909f56bfc062723c751e8b465ee728b)
Start importing Assets/TileSets/Treasure/GoldCup.png using Guid(ffd4688eefb12ca48b75d44c25c5b389) Importer(815301076,1909f56bfc062723c751e8b465ee728b) (PreviewImporter) -> (artifact id: '477215fdaaa80ca59d54cc76a51de9b5') in 0.2359902 seconds
Number of updated asset objects reloaded before import = 0Number of asset objects unloaded after import = 3

========================================================================
Received Import Request.
  Time since last request: 0.000140 seconds.
  path: Assets/TileSets/Treasure/SilverCoin.png
  artifactKey: Guid(d2a1f9b159ad9f648ac1984421d1382e) Importer(815301076,1909f56bfc062723c751e8b465ee728b)
Start importing Assets/TileSets/Treasure/SilverCoin.png using Guid(d2a1f9b159ad9f648ac1984421d1382e) Importer(815301076,1909f56bfc062723c751e8b465ee728b) (PreviewImporter) -> (artifact id: '9422c27b19be7ac83fe9dc852440ef25') in 0.2240055 seconds
Number of updated asset objects reloaded before import = 0Number of asset objects unloaded after import = 3

========================================================================
Received Import Request.
  Time since last request: 42.661158 seconds.
  path: Assets/TileSets/Treasure/Coin2Preview.gif
  artifactKey: Guid(a628b1746d70f5e468f915a8e2a52ec4) Importer(815301076,1909f56bfc062723c751e8b465ee728b)
Start importing Assets/TileSets/Treasure/Coin2Preview.gif using Guid(a628b1746d70f5e468f915a8e2a52ec4) Importer(815301076,1909f56bfc062723c751e8b465ee728b) (PreviewImporter) -> (artifact id: 'b7e4d0f8bdd5c8edc02ddf5c709f5e2c') in 0.2369451 seconds
Number of updated asset objects reloaded before import = 0Number of asset objects unloaded after import = 3

========================================================================
Received Import Request.
  Time since last request: 0.001667 seconds.
  path: Assets/TileSets/Treasure/LittleTreasureChest.png
  artifactKey: Guid(0b81c5e3b25e3fb4fbd3365ad8d234d9) Importer(815301076,1909f56bfc062723c751e8b465ee728b)
Start importing Assets/TileSets/Treasure/LittleTreasureChest.png using Guid(0b81c5e3b25e3fb4fbd3365ad8d234d9) Importer(815301076,1909f56bfc062723c751e8b465ee728b) (PreviewImporter) -> (artifact id: 'f314393d8eb028a0068c8880c5ecbeb0') in 0.1551512 seconds
Number of updated asset objects reloaded before import = 0Number of asset objects unloaded after import = 4

Editor requested this worker to shutdown with reason: Scaling down because of idle timeout
AssetImportWorker is now disconnected from the server
Process exiting
Exiting without the bug reporter. Application will terminate with return code 0