[Licensing::Module] Trying to connect to existing licensing client channel...
[Licensing::IpcConnector] Successfully connected to: "LicenseClient-smitb" at "2025-10-07T13:27:28.1305575Z"
Built from '6000.2/staging' branch; Version is '6000.2.4f1 (17550c9bb584) revision 1529100'; Using compiler version '194234433'; Build Type 'Release'
OS: 'Windows 11  (10.0.26100) 64bit CoreSingleLanguage' Language: 'en' Physical Memory: 32475 MB
BatchMode: 1, IsHumanControllingUs: 0, StartBugReporterOnCrash: 0, Is64bit: 1
Date: 2025-10-07T13:27:28Z

COMMAND LINE ARGUMENTS:
C:\Program Files\Unity\Hub\Editor\6000.2.4f1\Editor\Unity.exe
-adb2
-batchMode
-noUpm
-name
AssetImportWorker8
-projectPath
C:/Users/smitb/OneDrive/Documents/UFS Honours/Project/lang/Language1_34
-logFile
Logs/AssetImportWorker8.log
-srvPort
52476
-licensingIpc
LicenseClient-smitb
-job-worker-count
9
-background-job-worker-count
8
-gc-helper-count
1
-name
AssetImport
Successfully changed project path to: C:/Users/smitb/OneDrive/Documents/UFS Honours/Project/lang/Language1_34
C:/Users/smitb/OneDrive/Documents/UFS Honours/Project/lang/Language1_34
[UnityMemory] Configuration Parameters - Can be set up in boot.config
    "memorysetup-allocator-temp-initial-block-size-main=262144"
    "memorysetup-allocator-temp-initial-block-size-worker=262144"
    "memorysetup-bucket-allocator-granularity=16"
    "memorysetup-bucket-allocator-bucket-count=8"
    "memorysetup-bucket-allocator-block-size=33554432"
    "memorysetup-bucket-allocator-block-count=8"
    "memorysetup-main-allocator-block-size=16777216"
    "memorysetup-thread-allocator-block-size=16777216"
    "memorysetup-gfx-main-allocator-block-size=16777216"
    "memorysetup-gfx-thread-allocator-block-size=16777216"
    "memorysetup-cache-allocator-block-size=4194304"
    "memorysetup-typetree-allocator-block-size=2097152"
    "memorysetup-profiler-bucket-allocator-granularity=16"
    "memorysetup-profiler-bucket-allocator-bucket-count=8"
    "memorysetup-profiler-bucket-allocator-block-size=33554432"
    "memorysetup-profiler-bucket-allocator-block-count=8"
    "memorysetup-profiler-allocator-block-size=16777216"
    "memorysetup-profiler-editor-allocator-block-size=1048576"
    "memorysetup-temp-allocator-size-main=16777216"
    "memorysetup-job-temp-allocator-block-size=2097152"
    "memorysetup-job-temp-allocator-block-size-background=1048576"
    "memorysetup-job-temp-allocator-reduction-small-platforms=262144"
    "memorysetup-temp-allocator-size-background-worker=32768"
    "memorysetup-temp-allocator-size-job-worker=262144"
    "memorysetup-temp-allocator-size-preload-manager=33554432"
    "memorysetup-temp-allocator-size-nav-mesh-worker=65536"
    "memorysetup-temp-allocator-size-audio-worker=65536"
    "memorysetup-temp-allocator-size-cloud-worker=32768"
    "memorysetup-temp-allocator-size-gi-baking-worker=262144"
    "memorysetup-temp-allocator-size-gi-baking-worker=262144"
    "memorysetup-temp-allocator-size-gi-baking-worker=262144"
    "memorysetup-temp-allocator-size-gi-baking-worker=262144"
    "memorysetup-temp-allocator-size-gi-baking-worker=262144"
    "memorysetup-temp-allocator-size-gfx=262144"
Player connection [3856]  Target information:

Player connection [3856]  * "[IP] 196.255.111.200 [Port] 0 [Flags] 2 [Guid] 1996413190 [EditorId] 1996413190 [Version] 1048832 [Id] WindowsEditor(7,Barend) [Debug] 1 [PackageName] WindowsEditor [ProjectName] Editor" 

Player connection [3856] Host joined multi-casting on [225.0.0.222:54997]...
Player connection [3856] Host joined alternative multi-casting on [225.0.0.222:34997]...
JobSystem: Creating JobQueue using job-worker-count value 9
Input System module state changed to: Initialized.
[Physics::Module] Initialized fallback backend.
[Physics::Module] Id: 0xdecafbad
[Licensing::Client] Code 10 while verifying Licensing Client signature (process Id: 19096, path: "C:/Program Files/Unity Hub/UnityLicensingClient_V1/Unity.Licensing.Client.exe")
[Licensing::Module] LicensingClient has failed validation; ignoring
[Licensing::Client] Error: HandshakeResponse reported an error:
	ResponseCode: 505
	ResponseStatus: Unsupported protocol version '1.17.2'.
[Licensing::Module] Error: Failed to handshake to channel: "LicenseClient-smitb"
[Licensing::IpcConnector] LicenseClient-smitb channel disconnected successfully.
[Licensing::IpcConnector] Successfully connected to: "LicenseClient-smitb-6000.2.4" at "2025-10-07T13:27:28.169888Z"
[Licensing::Client] Code 10 while verifying Licensing Client signature (process Id: 38220, path: "C:/Program Files/Unity/Hub/Editor/6000.2.4f1/Editor/Data/Resources/Licensing/Client/Unity.Licensing.Client.exe")
[Licensing::Module] LicensingClient has failed validation; ignoring
[Licensing::Client] Handshaking with LicensingClient:
  Version:                 1.17.2+ff71f16
  Session Id:              309364eb290f4e92bbd4e2bcf797cb9c
  Correlation Id:          e7a3017d89de81b001fbeb7c7927a414
  External correlation Id: 3107522680735345453
  Machine Id:              zOvDIo0Kh79ab4wpLlyNYCbScTE=
[Licensing::Module] Successfully connected to LicensingClient on channel: "LicenseClient-smitb-6000.2.4" (connect: 0.00s, validation: 0.00s, handshake: 0.01s)
[Licensing::IpcConnector] Successfully connected to: "LicenseClient-smitb-6000.2.4-notifications" at "2025-10-07T13:27:28.1803746Z"
[Licensing::Module] Licensing Background thread has ended after 0.05s
Library Redirect Path: Library/
[Physics::Module] Selected backend.
[Physics::Module] Name: PhysX
[Physics::Module] Id: 0xf2b8ea05
[Physics::Module] SDK Version: 4.1.2
[Physics::Module] Integration Version: 1.0.0
[Physics::Module] Threading Mode: Multi-Threaded
Refreshing native plugins compatible for Editor in 3.43 ms, found 4 plugins.
Preloading 0 native plugins for Editor in 0.00 ms.
Initialize engine version: 6000.2.4f1 (17550c9bb584)
[Subsystems] Discovering subsystems at path C:/Program Files/Unity/Hub/Editor/6000.2.4f1/Editor/Data/Resources/UnitySubsystems
[Subsystems] Discovering subsystems at path C:/Users/smitb/OneDrive/Documents/UFS Honours/Project/lang/Language1_34/Assets
GfxDevice: creating device client; kGfxThreadingModeNonThreaded
d3d12: failed to query info queue interface (0x80004002).
Direct3D:
    Version:         Direct3D 12 [level 12.1]
    Renderer:        NVIDIA GeForce RTX 4060 Laptop GPU (ID=0x28e0)
    Vendor:          NVIDIA
    VRAM:            7957 MB
    App VRAM Budget: 7189 MB
    Driver:          32.0.15.7262
Initialize mono
Mono path[0] = 'C:/Program Files/Unity/Hub/Editor/6000.2.4f1/Editor/Data/Managed'
Mono path[1] = 'C:/Program Files/Unity/Hub/Editor/6000.2.4f1/Editor/Data/MonoBleedingEdge/lib/mono/unityjit-win32'
Mono config path = 'C:/Program Files/Unity/Hub/Editor/6000.2.4f1/Editor/Data/MonoBleedingEdge/etc'
Using monoOptions --debugger-agent=transport=dt_socket,embedding=1,server=y,suspend=n,address=127.0.0.1:56928
Begin MonoManager ReloadAssembly
Registering precompiled unity dll's ...
Register platform support module: C:/Program Files/Unity/Hub/Editor/6000.2.4f1/Editor/Data/PlaybackEngines/WindowsStandaloneSupport/UnityEditor.WindowsStandalone.Extensions.dll
Registered in 0.001427 seconds.
- Loaded All Assemblies, in  0.283 seconds
Native extension for WindowsStandalone target not found
Mono: successfully reloaded assembly
- Finished resetting the current domain, in  0.249 seconds
Domain Reload Profiling: 530ms
	BeginReloadAssembly (94ms)
		ExecutionOrderSort (0ms)
		DisableScriptedObjects (0ms)
		BackupInstance (0ms)
		ReleaseScriptingObjects (0ms)
		CreateAndSetChildDomain (1ms)
	RebuildCommonClasses (27ms)
	RebuildNativeTypeToScriptingClass (9ms)
	initialDomainReloadingComplete (37ms)
	LoadAllAssembliesAndSetupDomain (114ms)
		LoadAssemblies (92ms)
		RebuildTransferFunctionScriptingTraits (0ms)
		AnalyzeDomain (112ms)
			TypeCache.Refresh (111ms)
				TypeCache.ScanAssembly (100ms)
			BuildScriptInfoCaches (0ms)
			ResolveRequiredComponents (0ms)
	FinalizeReload (249ms)
		ReleaseScriptCaches (0ms)
		RebuildScriptCaches (0ms)
		SetupLoadedEditorAssemblies (217ms)
			LogAssemblyErrors (0ms)
			InitializePlatformSupportModulesInManaged (35ms)
			SetLoadedEditorAssemblies (3ms)
			BeforeProcessingInitializeOnLoad (52ms)
			ProcessInitializeOnLoadAttributes (92ms)
			ProcessInitializeOnLoadMethodAttributes (35ms)
			AfterProcessingInitializeOnLoad (0ms)
			EditorAssembliesLoaded (0ms)
		ExecutionOrderSort2 (0ms)
		AwakeInstancesAfterBackupRestoration (0ms)
Assembly reference Packages/com.unity.cinemachine/Editor/Samples/ExposeHDRPInternals/HDRP-Editor-ref.asmref has no target assembly definition
========================================================================
Worker process is ready to serve import requests
Import Worker Mode flag is 0x00
Assembly reference Packages/com.unity.cinemachine/Editor/Samples/ExposeHDRPInternals/HDRP-Editor-ref.asmref has no target assembly definition
Assembly reference Packages/com.unity.cinemachine/Editor/Samples/ExposeHDRPInternals/HDRP-Editor-ref.asmref has no target assembly definition
Begin MonoManager ReloadAssembly
[Licensing::Client] Successfully resolved entitlement details
[Licensing::Module] License group:
  Id: 11270457271008-UnityPersXXXX
  Product: Unity Personal
  Type: Assigned
  Expiration: Unlimited
- Loaded All Assemblies, in  0.570 seconds
Assembly reference Packages/com.unity.cinemachine/Editor/Samples/ExposeHDRPInternals/HDRP-Editor-ref.asmref has no target assembly definition
'Packages/com.unity.cinemachine/Editor/Obsolete/CinemachineVirtualCameraBaseEditor.cs' contains partial class of Unity.Object, exactly 1 of the partial classes needs to be in a file with the same filename. This is to know the one that can be referenced from ie. GameObjects
'Packages/com.unity.cinemachine/Editor/Editors/CinemachineVirtualCameraBaseEditor.cs' contains partial class of Unity.Object, exactly 1 of the partial classes needs to be in a file with the same filename. This is to know the one that can be referenced from ie. GameObjects
Refreshing native plugins compatible for Editor in 1.66 ms, found 4 plugins.
Native extension for WindowsStandalone target not found
Assembly reference Packages/com.unity.cinemachine/Editor/Samples/ExposeHDRPInternals/HDRP-Editor-ref.asmref has no target assembly definition
Package Manager log level set to [2]
[Package Manager] Failed to launch server process. Reason: Unity was launched with the -noUpm command-line argument
[Package Manager] Unable to send message (not connected to server process).
[Package Manager] Cannot connect to Unity Package Manager local server
[Package Manager] Failed to launch server process. Reason: Unity was launched with the -noUpm command-line argument
[Package Manager] Unable to send message (not connected to server process).
[Package Manager] Cannot connect to Unity Package Manager local server
Mono: successfully reloaded assembly
- Finished resetting the current domain, in  0.455 seconds
Domain Reload Profiling: 1021ms
	BeginReloadAssembly (136ms)
		ExecutionOrderSort (0ms)
		DisableScriptedObjects (4ms)
		BackupInstance (0ms)
		ReleaseScriptingObjects (0ms)
		CreateAndSetChildDomain (27ms)
	RebuildCommonClasses (26ms)
	RebuildNativeTypeToScriptingClass (9ms)
	initialDomainReloadingComplete (31ms)
	LoadAllAssembliesAndSetupDomain (364ms)
		LoadAssemblies (272ms)
		RebuildTransferFunctionScriptingTraits (0ms)
		AnalyzeDomain (164ms)
			TypeCache.Refresh (119ms)
				TypeCache.ScanAssembly (108ms)
			BuildScriptInfoCaches (37ms)
			ResolveRequiredComponents (6ms)
	FinalizeReload (455ms)
		ReleaseScriptCaches (0ms)
		RebuildScriptCaches (0ms)
		SetupLoadedEditorAssemblies (379ms)
			LogAssemblyErrors (0ms)
			InitializePlatformSupportModulesInManaged (1ms)
			SetLoadedEditorAssemblies (4ms)
			BeforeProcessingInitializeOnLoad (88ms)
			ProcessInitializeOnLoadAttributes (253ms)
			ProcessInitializeOnLoadMethodAttributes (29ms)
			AfterProcessingInitializeOnLoad (4ms)
			EditorAssembliesLoaded (0ms)
		ExecutionOrderSort2 (0ms)
		AwakeInstancesAfterBackupRestoration (4ms)
Launched and connected shader compiler UnityShaderCompiler.exe after 0.01 seconds
Refreshing native plugins compatible for Editor in 1.73 ms, found 4 plugins.
Preloading 0 native plugins for Editor in 0.00 ms.
Unloading 1 Unused Serialized files (Serialized files now loaded: 0)
Unloading 5306 unused Assets / (387.3 KB). Loaded Objects now: 5812.
Memory consumption went from 103.2 MB to 102.8 MB.
Total: 5.784700 ms (FindLiveObjects: 0.359700 ms CreateObjectMapping: 0.234400 ms MarkObjects: 4.316400 ms  DeleteObjects: 0.871700 ms)

========================================================================
Received Import Request.
  Time since last request: 5908501.622054 seconds.
  path: Assets/TileSets/Treasure/Coin2Preview.gif
  artifactKey: Guid(a628b1746d70f5e468f915a8e2a52ec4) Importer(815301076,1909f56bfc062723c751e8b465ee728b)
Start importing Assets/TileSets/Treasure/Coin2Preview.gif using Guid(a628b1746d70f5e468f915a8e2a52ec4) Importer(815301076,1909f56bfc062723c751e8b465ee728b) (PreviewImporter) -> (artifact id: '553eb59f6a8aa3eca6eaf42249cb5746') in 0.5812695 seconds
Number of updated asset objects reloaded before import = 0Number of asset objects unloaded after import = 3

========================================================================
Received Import Request.
  Time since last request: 5.214372 seconds.
  path: Assets/TileSets/Treasure/GoldCoin.png
  artifactKey: Guid(78c2d8f9c2827f94d92893099d1897c8) Importer(815301076,1909f56bfc062723c751e8b465ee728b)
Start importing Assets/TileSets/Treasure/GoldCoin.png using Guid(78c2d8f9c2827f94d92893099d1897c8) Importer(815301076,1909f56bfc062723c751e8b465ee728b) (PreviewImporter) -> (artifact id: '5b68a49da77cf6c7fb6346ca2f9e2a36') in 0.1048851 seconds
Number of updated asset objects reloaded before import = 0Number of asset objects unloaded after import = 3

========================================================================
Received Import Request.
  Time since last request: 27.150845 seconds.
  path: Assets/TileSets/Treasure/Coin2.png
  artifactKey: Guid(2d5905a5dd0b28e41889c1877e4751f3) Importer(815301076,1909f56bfc062723c751e8b465ee728b)
Start importing Assets/TileSets/Treasure/Coin2.png using Guid(2d5905a5dd0b28e41889c1877e4751f3) Importer(815301076,1909f56bfc062723c751e8b465ee728b) (PreviewImporter) -> (artifact id: '6acc8c9a339356d0c292828637d4dc9b') in 0.0378031 seconds
Number of updated asset objects reloaded before import = 0Number of asset objects unloaded after import = 5

========================================================================
Received Import Request.
  Time since last request: 0.000189 seconds.
  path: Assets/TileSets/Treasure/SilverKey.png
  artifactKey: Guid(81fa3dbc20e73a746a0cb4cf913760c8) Importer(815301076,1909f56bfc062723c751e8b465ee728b)
Start importing Assets/TileSets/Treasure/SilverKey.png using Guid(81fa3dbc20e73a746a0cb4cf913760c8) Importer(815301076,1909f56bfc062723c751e8b465ee728b) (PreviewImporter) -> (artifact id: 'ffc36e6a6692febc7385ab3554b8fa5a') in 0.2237884 seconds
Number of updated asset objects reloaded before import = 0Number of asset objects unloaded after import = 3

========================================================================
Received Import Request.
  Time since last request: 0.000927 seconds.
  path: Assets/TileSets/Treasure/GoldCoin.png
  artifactKey: Guid(78c2d8f9c2827f94d92893099d1897c8) Importer(815301076,1909f56bfc062723c751e8b465ee728b)
Start importing Assets/TileSets/Treasure/GoldCoin.png using Guid(78c2d8f9c2827f94d92893099d1897c8) Importer(815301076,1909f56bfc062723c751e8b465ee728b) (PreviewImporter) -> (artifact id: 'a7048b06eb876718e6a7785a02e1c112') in 0.0907101 seconds
Number of updated asset objects reloaded before import = 0Number of asset objects unloaded after import = 3

========================================================================
Received Import Request.
  Time since last request: 0.000183 seconds.
  path: Assets/TileSets/Treasure/GoldCup.png
  artifactKey: Guid(ffd4688eefb12ca48b75d44c25c5b389) Importer(815301076,1909f56bfc062723c751e8b465ee728b)
Start importing Assets/TileSets/Treasure/GoldCup.png using Guid(ffd4688eefb12ca48b75d44c25c5b389) Importer(815301076,1909f56bfc062723c751e8b465ee728b) (PreviewImporter) -> (artifact id: 'd86d5f625ac51030a2c6488c56813314') in 0.1436178 seconds
Number of updated asset objects reloaded before import = 0Number of asset objects unloaded after import = 3

========================================================================
Received Prepare
'Packages/com.unity.cinemachine/Editor/Obsolete/CinemachineVirtualCameraBaseEditor.cs' contains partial class of Unity.Object, exactly 1 of the partial classes needs to be in a file with the same filename. This is to know the one that can be referenced from ie. GameObjects
'Packages/com.unity.cinemachine/Editor/Editors/CinemachineVirtualCameraBaseEditor.cs' contains partial class of Unity.Object, exactly 1 of the partial classes needs to be in a file with the same filename. This is to know the one that can be referenced from ie. GameObjects
Refreshing native plugins compatible for Editor in 1.81 ms, found 4 plugins.
Preloading 0 native plugins for Editor in 0.00 ms.
Unloading 1 Unused Serialized files (Serialized files now loaded: 0)
Unloading 5294 unused Assets / (0.9 MB). Loaded Objects now: 5837.
Memory consumption went from 107.0 MB to 106.1 MB.
Total: 7.305800 ms (FindLiveObjects: 1.108100 ms CreateObjectMapping: 0.347500 ms MarkObjects: 4.776300 ms  DeleteObjects: 1.073400 ms)

Prepare: number of updated asset objects reloaded= 0
========================================================================
Received Import Request.
  Time since last request: 212.527464 seconds.
  path: Assets/Scripts/InteractableInterface.cs
  artifactKey: Guid(fefe830321c77f045b6639812033a495) Importer(815301076,1909f56bfc062723c751e8b465ee728b)
Start importing Assets/Scripts/InteractableInterface.cs using Guid(fefe830321c77f045b6639812033a495) Importer(815301076,1909f56bfc062723c751e8b465ee728b) (PreviewImporter) -> (artifact id: '7972b63c054b3f5cee77200e6393d338') in 0.0005828 seconds
Number of updated asset objects reloaded before import = 0Number of asset objects unloaded after import = 0

========================================================================
Received Prepare
Assembly reference Packages/com.unity.cinemachine/Editor/Samples/ExposeHDRPInternals/HDRP-Editor-ref.asmref has no target assembly definition
Assembly reference Packages/com.unity.cinemachine/Editor/Samples/ExposeHDRPInternals/HDRP-Editor-ref.asmref has no target assembly definition
Begin MonoManager ReloadAssembly
[Licensing::Client] Successfully resolved entitlement details
- Loaded All Assemblies, in  0.561 seconds
Assembly reference Packages/com.unity.cinemachine/Editor/Samples/ExposeHDRPInternals/HDRP-Editor-ref.asmref has no target assembly definition
'Packages/com.unity.cinemachine/Editor/Obsolete/CinemachineVirtualCameraBaseEditor.cs' contains partial class of Unity.Object, exactly 1 of the partial classes needs to be in a file with the same filename. This is to know the one that can be referenced from ie. GameObjects
'Packages/com.unity.cinemachine/Editor/Editors/CinemachineVirtualCameraBaseEditor.cs' contains partial class of Unity.Object, exactly 1 of the partial classes needs to be in a file with the same filename. This is to know the one that can be referenced from ie. GameObjects
Refreshing native plugins compatible for Editor in 1.74 ms, found 4 plugins.
Native extension for WindowsStandalone target not found
Assembly reference Packages/com.unity.cinemachine/Editor/Samples/ExposeHDRPInternals/HDRP-Editor-ref.asmref has no target assembly definition
[Package Manager] Failed to launch server process. Reason: Unity was launched with the -noUpm command-line argument
[Package Manager] Unable to send message (not connected to server process).
[Package Manager] Cannot connect to Unity Package Manager local server
[Package Manager] Failed to launch server process. Reason: Unity was launched with the -noUpm command-line argument
[Package Manager] Unable to send message (not connected to server process).
[Package Manager] Cannot connect to Unity Package Manager local server
Mono: successfully reloaded assembly
- Finished resetting the current domain, in  0.507 seconds
Domain Reload Profiling: 1067ms
	BeginReloadAssembly (164ms)
		ExecutionOrderSort (0ms)
		DisableScriptedObjects (9ms)
		BackupInstance (0ms)
		ReleaseScriptingObjects (0ms)
		CreateAndSetChildDomain (37ms)
	RebuildCommonClasses (27ms)
	RebuildNativeTypeToScriptingClass (10ms)
	initialDomainReloadingComplete (25ms)
	LoadAllAssembliesAndSetupDomain (335ms)
		LoadAssemblies (282ms)
		RebuildTransferFunctionScriptingTraits (0ms)
		AnalyzeDomain (126ms)
			TypeCache.Refresh (7ms)
				TypeCache.ScanAssembly (0ms)
			BuildScriptInfoCaches (110ms)
			ResolveRequiredComponents (6ms)
	FinalizeReload (507ms)
		ReleaseScriptCaches (0ms)
		RebuildScriptCaches (0ms)
		SetupLoadedEditorAssemblies (411ms)
			LogAssemblyErrors (0ms)
			InitializePlatformSupportModulesInManaged (2ms)
			SetLoadedEditorAssemblies (5ms)
			BeforeProcessingInitializeOnLoad (113ms)
			ProcessInitializeOnLoadAttributes (259ms)
			ProcessInitializeOnLoadMethodAttributes (28ms)
			AfterProcessingInitializeOnLoad (4ms)
			EditorAssembliesLoaded (0ms)
		ExecutionOrderSort2 (0ms)
		AwakeInstancesAfterBackupRestoration (5ms)
Refreshing native plugins compatible for Editor in 1.73 ms, found 4 plugins.
Preloading 0 native plugins for Editor in 0.00 ms.
Unloading 1 Unused Serialized files (Serialized files now loaded: 0)
Unloading 5305 unused Assets / (1.4 MB). Loaded Objects now: 5839.
Memory consumption went from 108.6 MB to 107.2 MB.
Total: 4.854300 ms (FindLiveObjects: 0.374900 ms CreateObjectMapping: 0.216000 ms MarkObjects: 3.382100 ms  DeleteObjects: 0.880500 ms)

Prepare: number of updated asset objects reloaded= 0
========================================================================
Received Import Request.
  Time since last request: 15.725981 seconds.
  path: Assets/Scripts/InteractableInterface.cs
  artifactKey: Guid(fefe830321c77f045b6639812033a495) Importer(815301076,1909f56bfc062723c751e8b465ee728b)
Start importing Assets/Scripts/InteractableInterface.cs using Guid(fefe830321c77f045b6639812033a495) Importer(815301076,1909f56bfc062723c751e8b465ee728b) (PreviewImporter) -> (artifact id: '75abd28d680f541a7fdd3996558af68e') in 0.0016628 seconds
Number of updated asset objects reloaded before import = 0Number of asset objects unloaded after import = 0

========================================================================
Received Prepare
'Packages/com.unity.cinemachine/Editor/Obsolete/CinemachineVirtualCameraBaseEditor.cs' contains partial class of Unity.Object, exactly 1 of the partial classes needs to be in a file with the same filename. This is to know the one that can be referenced from ie. GameObjects
'Packages/com.unity.cinemachine/Editor/Editors/CinemachineVirtualCameraBaseEditor.cs' contains partial class of Unity.Object, exactly 1 of the partial classes needs to be in a file with the same filename. This is to know the one that can be referenced from ie. GameObjects
Refreshing native plugins compatible for Editor in 1.83 ms, found 4 plugins.
Preloading 0 native plugins for Editor in 0.00 ms.
Unloading 1 Unused Serialized files (Serialized files now loaded: 0)
Unloading 5294 unused Assets / (1.5 MB). Loaded Objects now: 5839.
Memory consumption went from 108.7 MB to 107.3 MB.
Total: 5.863000 ms (FindLiveObjects: 0.404300 ms CreateObjectMapping: 0.360400 ms MarkObjects: 4.051600 ms  DeleteObjects: 1.044700 ms)

Prepare: number of updated asset objects reloaded= 0
========================================================================
Received Import Request.
  Time since last request: 49.443830 seconds.
  path: Assets/Scripts/IInteractable.cs
  artifactKey: Guid(fefe830321c77f045b6639812033a495) Importer(815301076,1909f56bfc062723c751e8b465ee728b)
Start importing Assets/Scripts/IInteractable.cs using Guid(fefe830321c77f045b6639812033a495) Importer(815301076,1909f56bfc062723c751e8b465ee728b) (PreviewImporter) -> (artifact id: 'ec72da2368d1719c64b98b68878c3d34') in 0.0006203 seconds
Number of updated asset objects reloaded before import = 0Number of asset objects unloaded after import = 0

========================================================================
Received Prepare
Assembly reference Packages/com.unity.cinemachine/Editor/Samples/ExposeHDRPInternals/HDRP-Editor-ref.asmref has no target assembly definition
Assembly reference Packages/com.unity.cinemachine/Editor/Samples/ExposeHDRPInternals/HDRP-Editor-ref.asmref has no target assembly definition
Begin MonoManager ReloadAssembly
- Loaded All Assemblies, in  0.526 seconds
Assembly reference Packages/com.unity.cinemachine/Editor/Samples/ExposeHDRPInternals/HDRP-Editor-ref.asmref has no target assembly definition
'Packages/com.unity.cinemachine/Editor/Obsolete/CinemachineVirtualCameraBaseEditor.cs' contains partial class of Unity.Object, exactly 1 of the partial classes needs to be in a file with the same filename. This is to know the one that can be referenced from ie. GameObjects
'Packages/com.unity.cinemachine/Editor/Editors/CinemachineVirtualCameraBaseEditor.cs' contains partial class of Unity.Object, exactly 1 of the partial classes needs to be in a file with the same filename. This is to know the one that can be referenced from ie. GameObjects
Refreshing native plugins compatible for Editor in 1.81 ms, found 4 plugins.
Native extension for WindowsStandalone target not found
Assembly reference Packages/com.unity.cinemachine/Editor/Samples/ExposeHDRPInternals/HDRP-Editor-ref.asmref has no target assembly definition
[Package Manager] Failed to launch server process. Reason: Unity was launched with the -noUpm command-line argument
[Package Manager] Unable to send message (not connected to server process).
[Package Manager] Cannot connect to Unity Package Manager local server
[Package Manager] Failed to launch server process. Reason: Unity was launched with the -noUpm command-line argument
[Package Manager] Unable to send message (not connected to server process).
[Package Manager] Cannot connect to Unity Package Manager local server
Mono: successfully reloaded assembly
- Finished resetting the current domain, in  0.462 seconds
Domain Reload Profiling: 987ms
	BeginReloadAssembly (155ms)
		ExecutionOrderSort (0ms)
		DisableScriptedObjects (9ms)
		BackupInstance (0ms)
		ReleaseScriptingObjects (0ms)
		CreateAndSetChildDomain (35ms)
	RebuildCommonClasses (26ms)
	RebuildNativeTypeToScriptingClass (10ms)
	initialDomainReloadingComplete (22ms)
	LoadAllAssembliesAndSetupDomain (312ms)
		LoadAssemblies (261ms)
		RebuildTransferFunctionScriptingTraits (0ms)
		AnalyzeDomain (123ms)
			TypeCache.Refresh (7ms)
				TypeCache.ScanAssembly (0ms)
			BuildScriptInfoCaches (109ms)
			ResolveRequiredComponents (5ms)
	FinalizeReload (462ms)
		ReleaseScriptCaches (0ms)
		RebuildScriptCaches (0ms)
		SetupLoadedEditorAssemblies (372ms)
			LogAssemblyErrors (0ms)
			InitializePlatformSupportModulesInManaged (1ms)
			SetLoadedEditorAssemblies (4ms)
			BeforeProcessingInitializeOnLoad (88ms)
			ProcessInitializeOnLoadAttributes (247ms)
			ProcessInitializeOnLoadMethodAttributes (27ms)
			AfterProcessingInitializeOnLoad (4ms)
			EditorAssembliesLoaded (0ms)
		ExecutionOrderSort2 (0ms)
		AwakeInstancesAfterBackupRestoration (5ms)
Refreshing native plugins compatible for Editor in 2.34 ms, found 4 plugins.
Preloading 0 native plugins for Editor in 0.00 ms.
Unloading 1 Unused Serialized files (Serialized files now loaded: 0)
Unloading 5305 unused Assets / (1.3 MB). Loaded Objects now: 5841.
Memory consumption went from 108.6 MB to 107.3 MB.
Total: 5.187300 ms (FindLiveObjects: 0.365900 ms CreateObjectMapping: 0.216800 ms MarkObjects: 3.657100 ms  DeleteObjects: 0.946500 ms)

Prepare: number of updated asset objects reloaded= 0
========================================================================
Received Import Request.
  Time since last request: 5.444565 seconds.
  path: Assets/Scripts/IInteractable.cs
  artifactKey: Guid(fefe830321c77f045b6639812033a495) Importer(815301076,1909f56bfc062723c751e8b465ee728b)
Start importing Assets/Scripts/IInteractable.cs using Guid(fefe830321c77f045b6639812033a495) Importer(815301076,1909f56bfc062723c751e8b465ee728b) (PreviewImporter) -> (artifact id: 'cf1101ad3b5937cc7d4a2272ae1f16e8') in 0.0016411 seconds
Number of updated asset objects reloaded before import = 0Number of asset objects unloaded after import = 0

========================================================================
Received Prepare
'Packages/com.unity.cinemachine/Editor/Obsolete/CinemachineVirtualCameraBaseEditor.cs' contains partial class of Unity.Object, exactly 1 of the partial classes needs to be in a file with the same filename. This is to know the one that can be referenced from ie. GameObjects
'Packages/com.unity.cinemachine/Editor/Editors/CinemachineVirtualCameraBaseEditor.cs' contains partial class of Unity.Object, exactly 1 of the partial classes needs to be in a file with the same filename. This is to know the one that can be referenced from ie. GameObjects
Refreshing native plugins compatible for Editor in 1.81 ms, found 4 plugins.
Preloading 0 native plugins for Editor in 0.00 ms.
Unloading 1 Unused Serialized files (Serialized files now loaded: 0)
Unloading 5293 unused Assets / (1.4 MB). Loaded Objects now: 5840.
Memory consumption went from 108.7 MB to 107.4 MB.
Total: 5.417600 ms (FindLiveObjects: 0.418900 ms CreateObjectMapping: 0.749500 ms MarkObjects: 3.325900 ms  DeleteObjects: 0.922300 ms)

Prepare: number of updated asset objects reloaded= 0
========================================================================
Received Prepare
Assembly reference Packages/com.unity.cinemachine/Editor/Samples/ExposeHDRPInternals/HDRP-Editor-ref.asmref has no target assembly definition
Assembly reference Packages/com.unity.cinemachine/Editor/Samples/ExposeHDRPInternals/HDRP-Editor-ref.asmref has no target assembly definition
Begin MonoManager ReloadAssembly
[Licensing::Client] Successfully resolved entitlement details
- Loaded All Assemblies, in  0.542 seconds
Assembly reference Packages/com.unity.cinemachine/Editor/Samples/ExposeHDRPInternals/HDRP-Editor-ref.asmref has no target assembly definition
'Packages/com.unity.cinemachine/Editor/Obsolete/CinemachineVirtualCameraBaseEditor.cs' contains partial class of Unity.Object, exactly 1 of the partial classes needs to be in a file with the same filename. This is to know the one that can be referenced from ie. GameObjects
'Packages/com.unity.cinemachine/Editor/Editors/CinemachineVirtualCameraBaseEditor.cs' contains partial class of Unity.Object, exactly 1 of the partial classes needs to be in a file with the same filename. This is to know the one that can be referenced from ie. GameObjects
Refreshing native plugins compatible for Editor in 2.01 ms, found 4 plugins.
Native extension for WindowsStandalone target not found
Assembly reference Packages/com.unity.cinemachine/Editor/Samples/ExposeHDRPInternals/HDRP-Editor-ref.asmref has no target assembly definition
[Package Manager] Failed to launch server process. Reason: Unity was launched with the -noUpm command-line argument
[Package Manager] Unable to send message (not connected to server process).
[Package Manager] Cannot connect to Unity Package Manager local server
[Package Manager] Failed to launch server process. Reason: Unity was launched with the -noUpm command-line argument
[Package Manager] Unable to send message (not connected to server process).
[Package Manager] Cannot connect to Unity Package Manager local server
Mono: successfully reloaded assembly
- Finished resetting the current domain, in  0.460 seconds
Domain Reload Profiling: 1000ms
	BeginReloadAssembly (152ms)
		ExecutionOrderSort (0ms)
		DisableScriptedObjects (9ms)
		BackupInstance (0ms)
		ReleaseScriptingObjects (0ms)
		CreateAndSetChildDomain (30ms)
	RebuildCommonClasses (26ms)
	RebuildNativeTypeToScriptingClass (10ms)
	initialDomainReloadingComplete (23ms)
	LoadAllAssembliesAndSetupDomain (330ms)
		LoadAssemblies (269ms)
		RebuildTransferFunctionScriptingTraits (0ms)
		AnalyzeDomain (131ms)
			TypeCache.Refresh (7ms)
				TypeCache.ScanAssembly (0ms)
			BuildScriptInfoCaches (116ms)
			ResolveRequiredComponents (5ms)
	FinalizeReload (460ms)
		ReleaseScriptCaches (0ms)
		RebuildScriptCaches (0ms)
		SetupLoadedEditorAssemblies (370ms)
			LogAssemblyErrors (0ms)
			InitializePlatformSupportModulesInManaged (1ms)
			SetLoadedEditorAssemblies (5ms)
			BeforeProcessingInitializeOnLoad (90ms)
			ProcessInitializeOnLoadAttributes (242ms)
			ProcessInitializeOnLoadMethodAttributes (27ms)
			AfterProcessingInitializeOnLoad (4ms)
			EditorAssembliesLoaded (0ms)
		ExecutionOrderSort2 (0ms)
		AwakeInstancesAfterBackupRestoration (5ms)
Refreshing native plugins compatible for Editor in 1.68 ms, found 4 plugins.
Preloading 0 native plugins for Editor in 0.00 ms.
Unloading 1 Unused Serialized files (Serialized files now loaded: 0)
Unloading 5304 unused Assets / (1.4 MB). Loaded Objects now: 5842.
Memory consumption went from 109.2 MB to 107.8 MB.
Total: 4.746300 ms (FindLiveObjects: 0.365500 ms CreateObjectMapping: 0.220400 ms MarkObjects: 3.281000 ms  DeleteObjects: 0.878800 ms)

Prepare: number of updated asset objects reloaded= 0
========================================================================
Received Prepare
'Packages/com.unity.cinemachine/Editor/Obsolete/CinemachineVirtualCameraBaseEditor.cs' contains partial class of Unity.Object, exactly 1 of the partial classes needs to be in a file with the same filename. This is to know the one that can be referenced from ie. GameObjects
'Packages/com.unity.cinemachine/Editor/Editors/CinemachineVirtualCameraBaseEditor.cs' contains partial class of Unity.Object, exactly 1 of the partial classes needs to be in a file with the same filename. This is to know the one that can be referenced from ie. GameObjects
Refreshing native plugins compatible for Editor in 1.85 ms, found 4 plugins.
Preloading 0 native plugins for Editor in 0.00 ms.
Unloading 1 Unused Serialized files (Serialized files now loaded: 0)
Unloading 5294 unused Assets / (1.3 MB). Loaded Objects now: 5843.
Memory consumption went from 110.0 MB to 108.6 MB.
Total: 6.942400 ms (FindLiveObjects: 0.449300 ms CreateObjectMapping: 0.233200 ms MarkObjects: 5.321800 ms  DeleteObjects: 0.937200 ms)

Prepare: number of updated asset objects reloaded= 0
========================================================================
Received Import Request.
  Time since last request: 62.098243 seconds.
  path: Assets/Scripts/IInteractable.cs
  artifactKey: Guid(fefe830321c77f045b6639812033a495) Importer(815301076,1909f56bfc062723c751e8b465ee728b)
Start importing Assets/Scripts/IInteractable.cs using Guid(fefe830321c77f045b6639812033a495) Importer(815301076,1909f56bfc062723c751e8b465ee728b) (PreviewImporter) -> (artifact id: 'b04c00fdeece069949ab5a25834a2aa0') in 0.0014715 seconds
Number of updated asset objects reloaded before import = 0Number of asset objects unloaded after import = 0

========================================================================
Received Prepare
Assembly reference Packages/com.unity.cinemachine/Editor/Samples/ExposeHDRPInternals/HDRP-Editor-ref.asmref has no target assembly definition
Assembly reference Packages/com.unity.cinemachine/Editor/Samples/ExposeHDRPInternals/HDRP-Editor-ref.asmref has no target assembly definition
Begin MonoManager ReloadAssembly
- Loaded All Assemblies, in  0.539 seconds
Assembly reference Packages/com.unity.cinemachine/Editor/Samples/ExposeHDRPInternals/HDRP-Editor-ref.asmref has no target assembly definition
'Packages/com.unity.cinemachine/Editor/Obsolete/CinemachineVirtualCameraBaseEditor.cs' contains partial class of Unity.Object, exactly 1 of the partial classes needs to be in a file with the same filename. This is to know the one that can be referenced from ie. GameObjects
'Packages/com.unity.cinemachine/Editor/Editors/CinemachineVirtualCameraBaseEditor.cs' contains partial class of Unity.Object, exactly 1 of the partial classes needs to be in a file with the same filename. This is to know the one that can be referenced from ie. GameObjects
Refreshing native plugins compatible for Editor in 1.63 ms, found 4 plugins.
Native extension for WindowsStandalone target not found
Assembly reference Packages/com.unity.cinemachine/Editor/Samples/ExposeHDRPInternals/HDRP-Editor-ref.asmref has no target assembly definition
[Package Manager] Failed to launch server process. Reason: Unity was launched with the -noUpm command-line argument
[Package Manager] Unable to send message (not connected to server process).
[Package Manager] Cannot connect to Unity Package Manager local server
[Package Manager] Failed to launch server process. Reason: Unity was launched with the -noUpm command-line argument
[Package Manager] Unable to send message (not connected to server process).
[Package Manager] Cannot connect to Unity Package Manager local server
Mono: successfully reloaded assembly
- Finished resetting the current domain, in  0.462 seconds
Domain Reload Profiling: 1000ms
	BeginReloadAssembly (157ms)
		ExecutionOrderSort (0ms)
		DisableScriptedObjects (9ms)
		BackupInstance (0ms)
		ReleaseScriptingObjects (0ms)
		CreateAndSetChildDomain (35ms)
	RebuildCommonClasses (26ms)
	RebuildNativeTypeToScriptingClass (10ms)
	initialDomainReloadingComplete (23ms)
	LoadAllAssembliesAndSetupDomain (322ms)
		LoadAssemblies (269ms)
		RebuildTransferFunctionScriptingTraits (0ms)
		AnalyzeDomain (124ms)
			TypeCache.Refresh (7ms)
				TypeCache.ScanAssembly (0ms)
			BuildScriptInfoCaches (109ms)
			ResolveRequiredComponents (5ms)
	FinalizeReload (463ms)
		ReleaseScriptCaches (0ms)
		RebuildScriptCaches (0ms)
		SetupLoadedEditorAssemblies (373ms)
			LogAssemblyErrors (0ms)
			InitializePlatformSupportModulesInManaged (1ms)
			SetLoadedEditorAssemblies (4ms)
			BeforeProcessingInitializeOnLoad (89ms)
			ProcessInitializeOnLoadAttributes (248ms)
			ProcessInitializeOnLoadMethodAttributes (27ms)
			AfterProcessingInitializeOnLoad (4ms)
			EditorAssembliesLoaded (0ms)
		ExecutionOrderSort2 (0ms)
		AwakeInstancesAfterBackupRestoration (5ms)
Refreshing native plugins compatible for Editor in 1.90 ms, found 4 plugins.
Preloading 0 native plugins for Editor in 0.00 ms.
Unloading 1 Unused Serialized files (Serialized files now loaded: 0)
Unloading 5305 unused Assets / (1.3 MB). Loaded Objects now: 5845.
Memory consumption went from 108.6 MB to 107.3 MB.
Total: 4.685500 ms (FindLiveObjects: 0.373000 ms CreateObjectMapping: 0.226700 ms MarkObjects: 3.198700 ms  DeleteObjects: 0.886400 ms)

Prepare: number of updated asset objects reloaded= 0
========================================================================
Received Import Request.
  Time since last request: 5.686619 seconds.
  path: Assets/Scripts/IInteractable.cs
  artifactKey: Guid(fefe830321c77f045b6639812033a495) Importer(815301076,1909f56bfc062723c751e8b465ee728b)
Start importing Assets/Scripts/IInteractable.cs using Guid(fefe830321c77f045b6639812033a495) Importer(815301076,1909f56bfc062723c751e8b465ee728b) (PreviewImporter) -> (artifact id: 'f17518500fa601af96034b3986125cf1') in 0.0016593 seconds
Number of updated asset objects reloaded before import = 0Number of asset objects unloaded after import = 0

========================================================================
Received Prepare
'Packages/com.unity.cinemachine/Editor/Obsolete/CinemachineVirtualCameraBaseEditor.cs' contains partial class of Unity.Object, exactly 1 of the partial classes needs to be in a file with the same filename. This is to know the one that can be referenced from ie. GameObjects
'Packages/com.unity.cinemachine/Editor/Editors/CinemachineVirtualCameraBaseEditor.cs' contains partial class of Unity.Object, exactly 1 of the partial classes needs to be in a file with the same filename. This is to know the one that can be referenced from ie. GameObjects
Refreshing native plugins compatible for Editor in 1.92 ms, found 4 plugins.
Preloading 0 native plugins for Editor in 0.00 ms.
Unloading 1 Unused Serialized files (Serialized files now loaded: 0)
Unloading 5295 unused Assets / (1.2 MB). Loaded Objects now: 5846.
Memory consumption went from 108.7 MB to 107.5 MB.
Total: 7.184000 ms (FindLiveObjects: 0.367800 ms CreateObjectMapping: 0.245400 ms MarkObjects: 5.595800 ms  DeleteObjects: 0.973600 ms)

Prepare: number of updated asset objects reloaded= 0
========================================================================
Received Prepare
'Packages/com.unity.cinemachine/Editor/Obsolete/CinemachineVirtualCameraBaseEditor.cs' contains partial class of Unity.Object, exactly 1 of the partial classes needs to be in a file with the same filename. This is to know the one that can be referenced from ie. GameObjects
'Packages/com.unity.cinemachine/Editor/Editors/CinemachineVirtualCameraBaseEditor.cs' contains partial class of Unity.Object, exactly 1 of the partial classes needs to be in a file with the same filename. This is to know the one that can be referenced from ie. GameObjects
Refreshing native plugins compatible for Editor in 2.44 ms, found 4 plugins.
Preloading 0 native plugins for Editor in 0.00 ms.
Unloading 1 Unused Serialized files (Serialized files now loaded: 0)
Unloading 5295 unused Assets / (1.3 MB). Loaded Objects now: 5846.
Memory consumption went from 109.4 MB to 108.0 MB.
Total: 6.958100 ms (FindLiveObjects: 0.433100 ms CreateObjectMapping: 0.367400 ms MarkObjects: 4.616800 ms  DeleteObjects: 1.540000 ms)

Prepare: number of updated asset objects reloaded= 0
========================================================================
Received Prepare
'Packages/com.unity.cinemachine/Editor/Obsolete/CinemachineVirtualCameraBaseEditor.cs' contains partial class of Unity.Object, exactly 1 of the partial classes needs to be in a file with the same filename. This is to know the one that can be referenced from ie. GameObjects
'Packages/com.unity.cinemachine/Editor/Editors/CinemachineVirtualCameraBaseEditor.cs' contains partial class of Unity.Object, exactly 1 of the partial classes needs to be in a file with the same filename. This is to know the one that can be referenced from ie. GameObjects
Refreshing native plugins compatible for Editor in 4.80 ms, found 4 plugins.
Preloading 0 native plugins for Editor in 0.00 ms.
Unloading 1 Unused Serialized files (Serialized files now loaded: 0)
Unloading 5295 unused Assets / (1.1 MB). Loaded Objects now: 5846.
Memory consumption went from 110.0 MB to 108.8 MB.
Total: 8.382100 ms (FindLiveObjects: 0.716700 ms CreateObjectMapping: 0.335900 ms MarkObjects: 5.971600 ms  DeleteObjects: 1.356400 ms)

Prepare: number of updated asset objects reloaded= 0
========================================================================
Received Prepare
'Packages/com.unity.cinemachine/Editor/Obsolete/CinemachineVirtualCameraBaseEditor.cs' contains partial class of Unity.Object, exactly 1 of the partial classes needs to be in a file with the same filename. This is to know the one that can be referenced from ie. GameObjects
'Packages/com.unity.cinemachine/Editor/Editors/CinemachineVirtualCameraBaseEditor.cs' contains partial class of Unity.Object, exactly 1 of the partial classes needs to be in a file with the same filename. This is to know the one that can be referenced from ie. GameObjects
Refreshing native plugins compatible for Editor in 2.01 ms, found 4 plugins.
Preloading 0 native plugins for Editor in 0.00 ms.
Unloading 1 Unused Serialized files (Serialized files now loaded: 0)
Unloading 5296 unused Assets / (1.4 MB). Loaded Objects now: 5847.
Memory consumption went from 110.6 MB to 109.2 MB.
Total: 5.141200 ms (FindLiveObjects: 0.411200 ms CreateObjectMapping: 0.358600 ms MarkObjects: 3.446600 ms  DeleteObjects: 0.922800 ms)

Prepare: number of updated asset objects reloaded= 0
========================================================================
Received Import Request.
  Time since last request: 362.180481 seconds.
  path: Assets/Scripts/GlobalHelper.cs
  artifactKey: Guid(e924a2721311bd64489d814cb32572be) Importer(815301076,1909f56bfc062723c751e8b465ee728b)
Start importing Assets/Scripts/GlobalHelper.cs using Guid(e924a2721311bd64489d814cb32572be) Importer(815301076,1909f56bfc062723c751e8b465ee728b) (PreviewImporter) -> (artifact id: '00ad763327ae3248d0698ac19605f9f9') in 0.0006811 seconds
Number of updated asset objects reloaded before import = 0Number of asset objects unloaded after import = 0

========================================================================
Received Prepare
'Packages/com.unity.cinemachine/Editor/Obsolete/CinemachineVirtualCameraBaseEditor.cs' contains partial class of Unity.Object, exactly 1 of the partial classes needs to be in a file with the same filename. This is to know the one that can be referenced from ie. GameObjects
'Packages/com.unity.cinemachine/Editor/Editors/CinemachineVirtualCameraBaseEditor.cs' contains partial class of Unity.Object, exactly 1 of the partial classes needs to be in a file with the same filename. This is to know the one that can be referenced from ie. GameObjects
Refreshing native plugins compatible for Editor in 3.85 ms, found 4 plugins.
Preloading 0 native plugins for Editor in 0.00 ms.
Unloading 1 Unused Serialized files (Serialized files now loaded: 0)
Unloading 5296 unused Assets / (1.0 MB). Loaded Objects now: 5847.
Memory consumption went from 108.8 MB to 107.8 MB.
Total: 8.236600 ms (FindLiveObjects: 0.730700 ms CreateObjectMapping: 0.340800 ms MarkObjects: 5.793800 ms  DeleteObjects: 1.370200 ms)

Prepare: number of updated asset objects reloaded= 0
========================================================================
Received Import Request.
  Time since last request: 160.551033 seconds.
  path: Assets/Scripts/GlobalHelper.cs
  artifactKey: Guid(e924a2721311bd64489d814cb32572be) Importer(815301076,1909f56bfc062723c751e8b465ee728b)
Start importing Assets/Scripts/GlobalHelper.cs using Guid(e924a2721311bd64489d814cb32572be) Importer(815301076,1909f56bfc062723c751e8b465ee728b) (PreviewImporter) -> (artifact id: 'c5cf46bf6ad3bd71a6ada761f4c95432') in 0.0009157 seconds
Number of updated asset objects reloaded before import = 0Number of asset objects unloaded after import = 0

========================================================================
Received Import Request.
  Time since last request: 10725.419067 seconds.
  path: Assets/TileSets/Buildings
  artifactKey: Guid(94592d871db0c8d419857631ef8f92fc) Importer(815301076,1909f56bfc062723c751e8b465ee728b)
Start importing Assets/TileSets/Buildings using Guid(94592d871db0c8d419857631ef8f92fc) Importer(815301076,1909f56bfc062723c751e8b465ee728b) (PreviewImporter) -> (artifact id: 'f0d45638b6645e9bc450374ef85d23ff') in 0.0010638 seconds
Number of updated asset objects reloaded before import = 0Number of asset objects unloaded after import = 0

========================================================================
Received Import Request.
  Time since last request: 7.018840 seconds.
  path: Assets/TileSets/Buildings/House_20.asset
  artifactKey: Guid(54ba7e6a9de68744bb5b9ae157834788) Importer(815301076,1909f56bfc062723c751e8b465ee728b)
Start importing Assets/TileSets/Buildings/House_20.asset using Guid(54ba7e6a9de68744bb5b9ae157834788) Importer(815301076,1909f56bfc062723c751e8b465ee728b) (PreviewImporter) -> (artifact id: 'a8c7dcf5e2962a6c22b4032d9719f266') in 0.3696459 seconds
Number of updated asset objects reloaded before import = 0Number of asset objects unloaded after import = 3

========================================================================
Received Import Request.
  Time since last request: 0.000098 seconds.
  path: Assets/TileSets/Buildings/House_29.asset
  artifactKey: Guid(31097fb59546e06458558e8848888034) Importer(815301076,1909f56bfc062723c751e8b465ee728b)
Start importing Assets/TileSets/Buildings/House_29.asset using Guid(31097fb59546e06458558e8848888034) Importer(815301076,1909f56bfc062723c751e8b465ee728b) (PreviewImporter) -> (artifact id: '08eaef3bd67c7e4f0c4b7eb74886e3b7') in 0.0433229 seconds
Number of updated asset objects reloaded before import = 0Number of asset objects unloaded after import = 3

========================================================================
Received Import Request.
  Time since last request: 0.000120 seconds.
  path: Assets/TileSets/Buildings/House_24.asset
  artifactKey: Guid(37d6929bbfc93524294af68c60a4488f) Importer(815301076,1909f56bfc062723c751e8b465ee728b)
Start importing Assets/TileSets/Buildings/House_24.asset using Guid(37d6929bbfc93524294af68c60a4488f) Importer(815301076,1909f56bfc062723c751e8b465ee728b) (PreviewImporter) -> (artifact id: 'fe8b99c1ce94fdb96952aa40d6962238') in 0.0637568 seconds
Number of updated asset objects reloaded before import = 0Number of asset objects unloaded after import = 3

========================================================================
Received Import Request.
  Time since last request: 0.000167 seconds.
  path: Assets/TileSets/Buildings/House_30.asset
  artifactKey: Guid(8ec919bbf51a0984e878917387c55af3) Importer(815301076,1909f56bfc062723c751e8b465ee728b)
Start importing Assets/TileSets/Buildings/House_30.asset using Guid(8ec919bbf51a0984e878917387c55af3) Importer(815301076,1909f56bfc062723c751e8b465ee728b) (PreviewImporter) -> (artifact id: 'a0e75747857a6529fcc2bf4341c27c70') in 0.0695143 seconds
Number of updated asset objects reloaded before import = 0Number of asset objects unloaded after import = 3

========================================================================
Received Import Request.
  Time since last request: 0.000180 seconds.
  path: Assets/TileSets/Buildings/House_26.asset
  artifactKey: Guid(7ef7b7011a685e744bd65b9714ae9678) Importer(815301076,1909f56bfc062723c751e8b465ee728b)
Start importing Assets/TileSets/Buildings/House_26.asset using Guid(7ef7b7011a685e744bd65b9714ae9678) Importer(815301076,1909f56bfc062723c751e8b465ee728b) (PreviewImporter) -> (artifact id: '29129df3b41f87fe6b5d2aa746313a48') in 0.0724298 seconds
Number of updated asset objects reloaded before import = 0Number of asset objects unloaded after import = 3

========================================================================
Received Import Request.
  Time since last request: 0.000185 seconds.
  path: Assets/TileSets/Buildings/House_28.asset
  artifactKey: Guid(3d73d55fc9cc9f64f8e3d60c790601b6) Importer(815301076,1909f56bfc062723c751e8b465ee728b)
Start importing Assets/TileSets/Buildings/House_28.asset using Guid(3d73d55fc9cc9f64f8e3d60c790601b6) Importer(815301076,1909f56bfc062723c751e8b465ee728b) (PreviewImporter) -> (artifact id: 'a274b1b0520f717057be5b7cb299f2a0') in 0.0318938 seconds
Number of updated asset objects reloaded before import = 0Number of asset objects unloaded after import = 3

========================================================================
Received Import Request.
  Time since last request: 9.434451 seconds.
  path: Assets/TileSets/GroundPallet
  artifactKey: Guid(86d50bef72b056b43bb1b4903b91ee5c) Importer(815301076,1909f56bfc062723c751e8b465ee728b)
Start importing Assets/TileSets/GroundPallet using Guid(86d50bef72b056b43bb1b4903b91ee5c) Importer(815301076,1909f56bfc062723c751e8b465ee728b) (PreviewImporter) -> (artifact id: 'b459253ddf1c586358df6a054b923610') in 0.0006598 seconds
Number of updated asset objects reloaded before import = 0Number of asset objects unloaded after import = 0

========================================================================
Received Import Request.
  Time since last request: 0.959169 seconds.
  path: Assets/TileSets/GroundPallet/Cliff_Tile_0.asset
  artifactKey: Guid(48a1528b10f233f4eaf38634eb9212ce) Importer(815301076,1909f56bfc062723c751e8b465ee728b)
Start importing Assets/TileSets/GroundPallet/Cliff_Tile_0.asset using Guid(48a1528b10f233f4eaf38634eb9212ce) Importer(815301076,1909f56bfc062723c751e8b465ee728b) (PreviewImporter) -> (artifact id: 'd5047ee136e1110b725aaf35758dc4c2') in 0.1210974 seconds
Number of updated asset objects reloaded before import = 0Number of asset objects unloaded after import = 3

========================================================================
Received Import Request.
  Time since last request: 0.000024 seconds.
  path: Assets/TileSets/GroundPallet/Cliff_Tile_4.asset
  artifactKey: Guid(d3dbf53d4321da149b3ae6c4c079519c) Importer(815301076,1909f56bfc062723c751e8b465ee728b)
Start importing Assets/TileSets/GroundPallet/Cliff_Tile_4.asset using Guid(d3dbf53d4321da149b3ae6c4c079519c) Importer(815301076,1909f56bfc062723c751e8b465ee728b) (PreviewImporter) -> (artifact id: '016a7ad1a5c957df1161c83dd3e2950f') in 0.0167305 seconds
Number of updated asset objects reloaded before import = 0Number of asset objects unloaded after import = 3

========================================================================
Received Import Request.
  Time since last request: 0.000084 seconds.
  path: Assets/TileSets/GroundPallet/FarmLand_Tile_2.asset
  artifactKey: Guid(8922c7f8e6faa6940a3304cb49a067fe) Importer(815301076,1909f56bfc062723c751e8b465ee728b)
Start importing Assets/TileSets/GroundPallet/FarmLand_Tile_2.asset using Guid(8922c7f8e6faa6940a3304cb49a067fe) Importer(815301076,1909f56bfc062723c751e8b465ee728b) (PreviewImporter) -> (artifact id: '206459aa9d5742bda2789def79aeb518') in 0.0159 seconds
Number of updated asset objects reloaded before import = 0Number of asset objects unloaded after import = 3

========================================================================
Received Import Request.
  Time since last request: 0.000016 seconds.
  path: Assets/TileSets/GroundPallet/Cliff_Tile_8.asset
  artifactKey: Guid(f1487f2180c43d14787e22b37a303aee) Importer(815301076,1909f56bfc062723c751e8b465ee728b)
Start importing Assets/TileSets/GroundPallet/Cliff_Tile_8.asset using Guid(f1487f2180c43d14787e22b37a303aee) Importer(815301076,1909f56bfc062723c751e8b465ee728b) (PreviewImporter) -> (artifact id: 'a14aca2f54f5ab576df8ccad499dca50') in 0.0176134 seconds
Number of updated asset objects reloaded before import = 0Number of asset objects unloaded after import = 3

========================================================================
Received Import Request.
  Time since last request: 0.001001 seconds.
  path: Assets/TileSets/GroundPallet/FarmLand_Tile_6.asset
  artifactKey: Guid(b6a390b6ba69af94db81a1fc895cc3ba) Importer(815301076,1909f56bfc062723c751e8b465ee728b)
Start importing Assets/TileSets/GroundPallet/FarmLand_Tile_6.asset using Guid(b6a390b6ba69af94db81a1fc895cc3ba) Importer(815301076,1909f56bfc062723c751e8b465ee728b) (PreviewImporter) -> (artifact id: '6c46d2746f2ab7e0d954efe0aedac8e2') in 0.0149351 seconds
Number of updated asset objects reloaded before import = 0Number of asset objects unloaded after import = 3

========================================================================
Received Import Request.
  Time since last request: 0.000188 seconds.
  path: Assets/TileSets/GroundPallet/Cliff_Tile_6.asset
  artifactKey: Guid(fbe885171b04b3541aa241df46cbd7e5) Importer(815301076,1909f56bfc062723c751e8b465ee728b)
Start importing Assets/TileSets/GroundPallet/Cliff_Tile_6.asset using Guid(fbe885171b04b3541aa241df46cbd7e5) Importer(815301076,1909f56bfc062723c751e8b465ee728b) (PreviewImporter) -> (artifact id: 'bbf01c43aab3339e162b560d9a9b90ee') in 0.0183068 seconds
Number of updated asset objects reloaded before import = 0Number of asset objects unloaded after import = 3

========================================================================
Received Import Request.
  Time since last request: 0.000070 seconds.
  path: Assets/TileSets/GroundPallet/Ground.prefab
  artifactKey: Guid(120d50abba09de84cafbac7dcb77b815) Importer(815301076,1909f56bfc062723c751e8b465ee728b)
Start importing Assets/TileSets/GroundPallet/Ground.prefab using Guid(120d50abba09de84cafbac7dcb77b815) Importer(815301076,1909f56bfc062723c751e8b465ee728b) (PreviewImporter) -> (artifact id: '4ccc36c3fa0221712f785cd0efb3c154') in 0.5136507 seconds
Number of updated asset objects reloaded before import = 0Number of asset objects unloaded after import = 137

========================================================================
Received Import Request.
  Time since last request: 0.000029 seconds.
  path: Assets/TileSets/GroundPallet/FarmLand_Tile_4.asset
  artifactKey: Guid(8836af66cc19e354f92dc056240517e4) Importer(815301076,1909f56bfc062723c751e8b465ee728b)
Start importing Assets/TileSets/GroundPallet/FarmLand_Tile_4.asset using Guid(8836af66cc19e354f92dc056240517e4) Importer(815301076,1909f56bfc062723c751e8b465ee728b) (PreviewImporter) -> (artifact id: 'ed9cc6f6418155affed95c529413cf1a') in 0.0598556 seconds
Number of updated asset objects reloaded before import = 0Number of asset objects unloaded after import = 3

========================================================================
Received Import Request.
  Time since last request: 0.000082 seconds.
  path: Assets/TileSets/GroundPallet/Path_Tile_0.asset
  artifactKey: Guid(e177aa627a674324d80b33cdafb2f055) Importer(815301076,1909f56bfc062723c751e8b465ee728b)
Start importing Assets/TileSets/GroundPallet/Path_Tile_0.asset using Guid(e177aa627a674324d80b33cdafb2f055) Importer(815301076,1909f56bfc062723c751e8b465ee728b) (PreviewImporter) -> (artifact id: 'edd329bfed59e6826a5418c93c5bba85') in 0.0354536 seconds
Number of updated asset objects reloaded before import = 0Number of asset objects unloaded after import = 3

========================================================================
Received Import Request.
  Time since last request: 0.000127 seconds.
  path: Assets/TileSets/GroundPallet/Cliff_Tile_14.asset
  artifactKey: Guid(6c5d27238d974e84293ba06af05459bf) Importer(815301076,1909f56bfc062723c751e8b465ee728b)
Start importing Assets/TileSets/GroundPallet/Cliff_Tile_14.asset using Guid(6c5d27238d974e84293ba06af05459bf) Importer(815301076,1909f56bfc062723c751e8b465ee728b) (PreviewImporter) -> (artifact id: '58fc6b1db4594fb33ad155a7ef6d66dd') in 0.0283434 seconds
Number of updated asset objects reloaded before import = 0Number of asset objects unloaded after import = 3

========================================================================
Received Import Request.
  Time since last request: 0.000188 seconds.
  path: Assets/TileSets/GroundPallet/Cliff_Tile_10.asset
  artifactKey: Guid(89d5dec2173c75c49970b58f995c8ac2) Importer(815301076,1909f56bfc062723c751e8b465ee728b)
Start importing Assets/TileSets/GroundPallet/Cliff_Tile_10.asset using Guid(89d5dec2173c75c49970b58f995c8ac2) Importer(815301076,1909f56bfc062723c751e8b465ee728b) (PreviewImporter) -> (artifact id: '91e317dc1b94ad649c7b2c2b19f4857d') in 0.0595624 seconds
Number of updated asset objects reloaded before import = 0Number of asset objects unloaded after import = 3

========================================================================
Received Import Request.
  Time since last request: 0.000291 seconds.
  path: Assets/TileSets/GroundPallet/Cliff_Tile_2.asset
  artifactKey: Guid(0ed377a41e8bf73409cb167d1a63affb) Importer(815301076,1909f56bfc062723c751e8b465ee728b)
Start importing Assets/TileSets/GroundPallet/Cliff_Tile_2.asset using Guid(0ed377a41e8bf73409cb167d1a63affb) Importer(815301076,1909f56bfc062723c751e8b465ee728b) (PreviewImporter) -> (artifact id: 'd30f150d3080591eca56927723020c56') in 0.0189118 seconds
Number of updated asset objects reloaded before import = 0Number of asset objects unloaded after import = 3

========================================================================
Received Import Request.
  Time since last request: 0.170455 seconds.
  path: Assets/TileSets/GroundPallet/Path_Tile_5.asset
  artifactKey: Guid(768d632416921dc4e99538a19fdb9afe) Importer(815301076,1909f56bfc062723c751e8b465ee728b)
Start importing Assets/TileSets/GroundPallet/Path_Tile_5.asset using Guid(768d632416921dc4e99538a19fdb9afe) Importer(815301076,1909f56bfc062723c751e8b465ee728b) (PreviewImporter) -> (artifact id: '0d87f8e127f0b66e22e3191fc5fb5c41') in 0.0920492 seconds
Number of updated asset objects reloaded before import = 0Number of asset objects unloaded after import = 3

========================================================================
Received Import Request.
  Time since last request: 0.000092 seconds.
  path: Assets/TileSets/GroundPallet/Path_Tile_7.asset
  artifactKey: Guid(f7426f9e9001468409b21332515a5b9d) Importer(815301076,1909f56bfc062723c751e8b465ee728b)
Start importing Assets/TileSets/GroundPallet/Path_Tile_7.asset using Guid(f7426f9e9001468409b21332515a5b9d) Importer(815301076,1909f56bfc062723c751e8b465ee728b) (PreviewImporter) -> (artifact id: '5589dfc5ca8dcd9da67c8949c85e1ac6') in 0.0267762 seconds
Number of updated asset objects reloaded before import = 0Number of asset objects unloaded after import = 3

========================================================================
Received Import Request.
  Time since last request: 0.000079 seconds.
  path: Assets/TileSets/GroundPallet/Path_Tile_8.asset
  artifactKey: Guid(3becac2e3c965db459a2c9f43cc25470) Importer(815301076,1909f56bfc062723c751e8b465ee728b)
Start importing Assets/TileSets/GroundPallet/Path_Tile_8.asset using Guid(3becac2e3c965db459a2c9f43cc25470) Importer(815301076,1909f56bfc062723c751e8b465ee728b) (PreviewImporter) -> (artifact id: '12b7b2ba3d8c15f6687c0d583cb446e3') in 0.0361901 seconds
Number of updated asset objects reloaded before import = 0Number of asset objects unloaded after import = 3

========================================================================
Received Import Request.
  Time since last request: 0.000126 seconds.
  path: Assets/TileSets/GroundPallet/Path_Tile_9.asset
  artifactKey: Guid(4acfc23ee1dd77241a7f0d4ee8934bd6) Importer(815301076,1909f56bfc062723c751e8b465ee728b)
Start importing Assets/TileSets/GroundPallet/Path_Tile_9.asset using Guid(4acfc23ee1dd77241a7f0d4ee8934bd6) Importer(815301076,1909f56bfc062723c751e8b465ee728b) (PreviewImporter) -> (artifact id: '6ca05adb22fb008e6063127e24fe5d6f') in 0.0632908 seconds
Number of updated asset objects reloaded before import = 0Number of asset objects unloaded after import = 3

========================================================================
Received Import Request.
  Time since last request: 0.000024 seconds.
  path: Assets/TileSets/GroundPallet/Path_Tile_13.asset
  artifactKey: Guid(23bc248ba0b680d4dadf3ed4bf69004e) Importer(815301076,1909f56bfc062723c751e8b465ee728b)
Start importing Assets/TileSets/GroundPallet/Path_Tile_13.asset using Guid(23bc248ba0b680d4dadf3ed4bf69004e) Importer(815301076,1909f56bfc062723c751e8b465ee728b) (PreviewImporter) -> (artifact id: '92f2c974dae990bb4dd56ccee681825f') in 0.0683929 seconds
Number of updated asset objects reloaded before import = 0Number of asset objects unloaded after import = 3

========================================================================
Received Import Request.
  Time since last request: 0.000186 seconds.
  path: Assets/TileSets/GroundPallet/Path_Tile_14.asset
  artifactKey: Guid(da9f4168291112e46b397226613202cf) Importer(815301076,1909f56bfc062723c751e8b465ee728b)
Start importing Assets/TileSets/GroundPallet/Path_Tile_14.asset using Guid(da9f4168291112e46b397226613202cf) Importer(815301076,1909f56bfc062723c751e8b465ee728b) (PreviewImporter) -> (artifact id: '95f7e54fd70a1cdb05b182ad5b6daa12') in 0.2033501 seconds
Number of updated asset objects reloaded before import = 0Number of asset objects unloaded after import = 3

========================================================================
Received Import Request.
  Time since last request: 0.205037 seconds.
  path: Assets/TileSets/GroundPallet/Water_Tile_0.asset
  artifactKey: Guid(ca73c9446a1c2fa4797a77c3a29dc46a) Importer(815301076,1909f56bfc062723c751e8b465ee728b)
Start importing Assets/TileSets/GroundPallet/Water_Tile_0.asset using Guid(ca73c9446a1c2fa4797a77c3a29dc46a) Importer(815301076,1909f56bfc062723c751e8b465ee728b) (PreviewImporter) -> (artifact id: 'd90d38e9bc3b5b8dced179cc13c72205') in 0.0175979 seconds
Number of updated asset objects reloaded before import = 0Number of asset objects unloaded after import = 3

========================================================================
Received Import Request.
  Time since last request: 0.000024 seconds.
  path: Assets/TileSets/GroundPallet/Water_Tile_6.asset
  artifactKey: Guid(f171b18cce7e58a4d8e03b5cd4f79207) Importer(815301076,1909f56bfc062723c751e8b465ee728b)
Start importing Assets/TileSets/GroundPallet/Water_Tile_6.asset using Guid(f171b18cce7e58a4d8e03b5cd4f79207) Importer(815301076,1909f56bfc062723c751e8b465ee728b) (PreviewImporter) -> (artifact id: 'e7325373c485e5945fdb4f37e25c773b') in 0.0244664 seconds
Number of updated asset objects reloaded before import = 0Number of asset objects unloaded after import = 3

========================================================================
Received Import Request.
  Time since last request: 0.000082 seconds.
  path: Assets/TileSets/GroundPallet/Water_Tile_11.asset
  artifactKey: Guid(ec787df232c1cf24f91abf9461b350dd) Importer(815301076,1909f56bfc062723c751e8b465ee728b)
Start importing Assets/TileSets/GroundPallet/Water_Tile_11.asset using Guid(ec787df232c1cf24f91abf9461b350dd) Importer(815301076,1909f56bfc062723c751e8b465ee728b) (PreviewImporter) -> (artifact id: '8a42f7cbbc15d15d5ec04f617328a801') in 0.0184104 seconds
Number of updated asset objects reloaded before import = 0Number of asset objects unloaded after import = 3

========================================================================
Received Import Request.
  Time since last request: 0.000209 seconds.
  path: Assets/TileSets/GroundPallet/Water_Tile_3.asset
  artifactKey: Guid(fd4402bbe3ba9324a82c80e3baa6a354) Importer(815301076,1909f56bfc062723c751e8b465ee728b)
Start importing Assets/TileSets/GroundPallet/Water_Tile_3.asset using Guid(fd4402bbe3ba9324a82c80e3baa6a354) Importer(815301076,1909f56bfc062723c751e8b465ee728b) (PreviewImporter) -> (artifact id: 'd4f27c629c6abe8bc9223f3a98a4a56f') in 0.0250278 seconds
Number of updated asset objects reloaded before import = 0Number of asset objects unloaded after import = 3

========================================================================
Received Import Request.
  Time since last request: 0.000017 seconds.
  path: Assets/TileSets/GroundPallet/Water_Tile_13.asset
  artifactKey: Guid(f0c3fba13d745fb448479132b519a617) Importer(815301076,1909f56bfc062723c751e8b465ee728b)
Start importing Assets/TileSets/GroundPallet/Water_Tile_13.asset using Guid(f0c3fba13d745fb448479132b519a617) Importer(815301076,1909f56bfc062723c751e8b465ee728b) (PreviewImporter) -> (artifact id: '262c0880058c28353ab291d5ce73db67') in 0.0272717 seconds
Number of updated asset objects reloaded before import = 0Number of asset objects unloaded after import = 3

========================================================================
Received Import Request.
  Time since last request: 0.000058 seconds.
  path: Assets/TileSets/GroundPallet/Water_Tile_2.asset
  artifactKey: Guid(ad6c9b342c8055c49860f3f80749b3e9) Importer(815301076,1909f56bfc062723c751e8b465ee728b)
Start importing Assets/TileSets/GroundPallet/Water_Tile_2.asset using Guid(ad6c9b342c8055c49860f3f80749b3e9) Importer(815301076,1909f56bfc062723c751e8b465ee728b) (PreviewImporter) -> (artifact id: '88f800a9a3f4bf930ac5abcaf5202ce8') in 0.055356 seconds
Number of updated asset objects reloaded before import = 0Number of asset objects unloaded after import = 3

========================================================================
Received Import Request.
  Time since last request: 0.000106 seconds.
  path: Assets/TileSets/GroundPallet/Water_Tile_15.asset
  artifactKey: Guid(1b04a2981f9e2e74688294928dc939d4) Importer(815301076,1909f56bfc062723c751e8b465ee728b)
Start importing Assets/TileSets/GroundPallet/Water_Tile_15.asset using Guid(1b04a2981f9e2e74688294928dc939d4) Importer(815301076,1909f56bfc062723c751e8b465ee728b) (PreviewImporter) -> (artifact id: 'f01a13bac936327d7cdbaed1c802f6b3') in 0.0379365 seconds
Number of updated asset objects reloaded before import = 0Number of asset objects unloaded after import = 3

========================================================================
Received Import Request.
  Time since last request: 0.000195 seconds.
  path: Assets/TileSets/GroundPallet/Water_Tile_12.asset
  artifactKey: Guid(82dbee5a46081fb42bc3d37babfbc111) Importer(815301076,1909f56bfc062723c751e8b465ee728b)
Start importing Assets/TileSets/GroundPallet/Water_Tile_12.asset using Guid(82dbee5a46081fb42bc3d37babfbc111) Importer(815301076,1909f56bfc062723c751e8b465ee728b) (PreviewImporter) -> (artifact id: 'b1b14a5f20768d827b9ebad1cb2b4583') in 0.0584755 seconds
Number of updated asset objects reloaded before import = 0Number of asset objects unloaded after import = 3

Editor requested this worker to shutdown with reason: Scaling down because of idle timeout
AssetImportWorker is now disconnected from the server
Process exiting
Exiting without the bug reporter. Application will terminate with return code 0